#
# There is insufficient memory for the Java Runtime Environment to continue.
# Native memory allocation (malloc) failed to allocate 32744 bytes for Chunk::new
# Possible reasons:
#   The system is out of physical RAM or swap space
#   The process is running with CompressedOops enabled, and the Java Heap may be blocking the growth of the native heap
# Possible solutions:
#   Reduce memory load on the system
#   Increase physical memory or swap space
#   Check if swap backing store is full
#   Decrease Java heap size (-Xmx/-Xms)
#   Decrease number of Java threads
#   Decrease Java thread stack sizes (-Xss)
#   Set larger code cache with -XX:ReservedCodeCacheSize=
#   JVM is running with Unscaled Compressed Oops mode in which the Java heap is
#     placed in the first 4GB address space. The Java Heap base address is the
#     maximum limit for the native heap growth. Please use -XX:HeapBaseMinAddress
#     to set the Java Heap base and to place the Java Heap above 4GB virtual address.
# This output file may be truncated or incomplete.
#
#  Out of Memory Error (arena.cpp:184), pid=8772, tid=17492
#
# JRE version: Java(TM) SE Runtime Environment (20.0.2+9) (build 20.0.2+9-78)
# Java VM: Java HotSpot(TM) 64-Bit Server VM (20.0.2+9-78, mixed mode, sharing, tiered, compressed oops, compressed class ptrs, g1 gc, windows-amd64)
# No core dump will be written. Minidumps are not enabled by default on client versions of Windows
#

---------------  S U M M A R Y ------------

Command Line: -Dfile.encoding=UTF-8 --module-path=C:\Users\Administrator\Documents\NetBeansProjects\University Management System\build\classes university.management.system.ExaminationDetails

Host: Intel(R) Core(TM) i3-4000M CPU @ 2.40GHz, 4 cores, 3G,  Windows 10 , 64 bit Build 19041 (10.0.19041.4597)
Time: Tue Aug  6 13:24:25 2024 Pacific Daylight Time elapsed time: 1.257989 seconds (0d 0h 0m 1s)

---------------  T H R E A D  ---------------

Current thread (0x0000015f7c99b840):  JavaThread "C2 CompilerThread1" daemon [_thread_in_native, id=17492, stack(0x00000013afb00000,0x00000013afc00000)]


Current CompileTask:
C2:   1258 1424   !   4       java.util.concurrent.ConcurrentHashMap::transfer (849 bytes)

Stack: [0x00000013afb00000,0x00000013afc00000]
Native frames: (J=compiled Java code, j=interpreted, Vv=VM code, C=native code)
V  [jvm.dll+0x6bc25a]
V  [jvm.dll+0x84971a]
V  [jvm.dll+0x84b315]
V  [jvm.dll+0x84ba13]
V  [jvm.dll+0x280e4f]
V  [jvm.dll+0xc2ab1]
V  [jvm.dll+0xc2dd5]
V  [jvm.dll+0x6464fe]
V  [jvm.dll+0x64c75c]
V  [jvm.dll+0x64d78c]
V  [jvm.dll+0x64bb40]
V  [jvm.dll+0x24b3ae]
V  [jvm.dll+0x24a921]
V  [jvm.dll+0x1ce761]
V  [jvm.dll+0x25a0eb]
V  [jvm.dll+0x2587c0]
V  [jvm.dll+0x3f2dd5]
V  [jvm.dll+0x7f5c76]
V  [jvm.dll+0x6baecb]
C  [ucrtbase.dll+0x21bb2]
C  [KERNEL32.DLL+0x17374]
C  [ntdll.dll+0x4cc91]


---------------  P R O C E S S  ---------------

Threads class SMR info:
_java_thread_list=0x0000015f7cbaa690, length=17, elements={
0x0000015f5dad0fb0, 0x0000015f784991e0, 0x0000015f7849a180, 0x0000015f784a44d0,
0x0000015f784a4fb0, 0x0000015f784a6230, 0x0000015f784ab9c0, 0x0000015f784acf70,
0x0000015f784ae230, 0x0000015f7856e020, 0x0000015f7c8e3af0, 0x0000015f7c99b840,
0x0000015f7caa1110, 0x0000015f7caa2680, 0x0000015f7cae3c90, 0x0000015f7cbabab0,
0x0000015f7cb0f2a0
}

Java Threads: ( => current thread )
  0x0000015f5dad0fb0 JavaThread "main" [_thread_in_vm, id=17772, stack(0x00000013ae900000,0x00000013aea00000)]
  0x0000015f784991e0 JavaThread "Reference Handler" daemon [_thread_blocked, id=14556, stack(0x00000013af000000,0x00000013af100000)]
  0x0000015f7849a180 JavaThread "Finalizer" daemon [_thread_blocked, id=11868, stack(0x00000013af100000,0x00000013af200000)]
  0x0000015f784a44d0 JavaThread "Signal Dispatcher" daemon [_thread_blocked, id=12248, stack(0x00000013af200000,0x00000013af300000)]
  0x0000015f784a4fb0 JavaThread "Attach Listener" daemon [_thread_blocked, id=17892, stack(0x00000013af300000,0x00000013af400000)]
  0x0000015f784a6230 JavaThread "Service Thread" daemon [_thread_blocked, id=10060, stack(0x00000013af400000,0x00000013af500000)]
  0x0000015f784ab9c0 JavaThread "Monitor Deflation Thread" daemon [_thread_blocked, id=17496, stack(0x00000013af500000,0x00000013af600000)]
  0x0000015f784acf70 JavaThread "C2 CompilerThread0" daemon [_thread_in_native, id=17484, stack(0x00000013af600000,0x00000013af700000)]
  0x0000015f784ae230 JavaThread "C1 CompilerThread0" daemon [_thread_blocked, id=17500, stack(0x00000013af700000,0x00000013af800000)]
  0x0000015f7856e020 JavaThread "Common-Cleaner" daemon [_thread_blocked, id=17472, stack(0x00000013af800000,0x00000013af900000)]
  0x0000015f7c8e3af0 JavaThread "Notification Thread" daemon [_thread_blocked, id=17468, stack(0x00000013af900000,0x00000013afa00000)]
=>0x0000015f7c99b840 JavaThread "C2 CompilerThread1" daemon [_thread_in_native, id=17492, stack(0x00000013afb00000,0x00000013afc00000)]
  0x0000015f7caa1110 JavaThread "Java2D Disposer" daemon [_thread_blocked, id=17476, stack(0x00000013afc00000,0x00000013afd00000)]
  0x0000015f7caa2680 JavaThread "AWT-Shutdown" [_thread_blocked, id=17464, stack(0x00000013afd00000,0x00000013afe00000)]
  0x0000015f7cae3c90 JavaThread "AWT-Windows" daemon [_thread_in_native, id=16564, stack(0x00000013afe00000,0x00000013aff00000)]
  0x0000015f7cbabab0 JavaThread "AWT-EventQueue-0" [_thread_blocked, id=18132, stack(0x00000013aff00000,0x00000013b0000000)]
  0x0000015f7cb0f2a0 JavaThread "mysql-cj-abandoned-connection-cleanup" daemon [_thread_blocked, id=364, stack(0x00000013b0000000,0x00000013b0100000)]

Other Threads:
  0x0000015f5db8bef0 VMThread "VM Thread" [stack: 0x00000013aef00000,0x00000013af000000] [id=17904]
  0x0000015f7c911d20 WatcherThread "VM Periodic Task Thread" [stack: 0x00000013afa00000,0x00000013afb00000] [id=17488]
  0x0000015f5db0ffd0 WorkerThread "GC Thread#0" [stack: 0x00000013aea00000,0x00000013aeb00000] [id=17780]
  0x0000015f7dbdac90 WorkerThread "GC Thread#1" [stack: 0x00000013b0100000,0x00000013b0200000] [id=15780]
  0x0000015f7dbdaf60 WorkerThread "GC Thread#2" [stack: 0x00000013b0200000,0x00000013b0300000] [id=1640]
  0x0000015f7dbe67f0 WorkerThread "GC Thread#3" [stack: 0x00000013b0300000,0x00000013b0400000] [id=14572]
  0x0000015f5db19cb0 ConcurrentGCThread "G1 Main Marker" [stack: 0x00000013aeb00000,0x00000013aec00000] [id=17876]
  0x0000015f5db1bda0 WorkerThread "G1 Conc#0" [stack: 0x00000013aec00000,0x00000013aed00000] [id=15580]
  0x0000015f5db6d950 ConcurrentGCThread "G1 Refine#0" [stack: 0x00000013aed00000,0x00000013aee00000] [id=17776]
  0x0000015f5db6e300 ConcurrentGCThread "G1 Service" [stack: 0x00000013aee00000,0x00000013aef00000] [id=17784]

Threads with active compile tasks:
C2 CompilerThread0     1281 1388       4       sun.security.ec.ECOperations::setDouble (463 bytes)
C2 CompilerThread1     1281 1424   !   4       java.util.concurrent.ConcurrentHashMap::transfer (849 bytes)

VM state: not at safepoint (normal execution)

VM Mutex/Monitor currently owned by a thread: None

Heap address: 0x00000000c4800000, size: 952 MB, Compressed Oops mode: 32-bit

CDS archive(s) mapped at: [0x0000015f00000000-0x0000015f00c60000-0x0000015f00c60000), size 12976128, SharedBaseAddress: 0x0000015f00000000, ArchiveRelocationMode: 1.
Compressed class space mapped at: 0x0000015f01000000-0x0000015f41000000, reserved size: 1073741824
Narrow klass base: 0x0000015f00000000, Narrow klass shift: 0, Narrow klass range: 0x100000000

GC Precious Log:
 CardTable entry size: 512
 Card Set container configuration: InlinePtr #cards 5 size 8 Array Of Cards #cards 12 size 40 Howl #buckets 4 coarsen threshold 1843 Howl Bitmap #cards 512 size 80 coarsen threshold 460 Card regions per heap region 1 cards per card region 2048
 CPUs: 4 total, 4 available
 Memory: 3804M
 Large Page Support: Disabled
 NUMA Support: Disabled
 Compressed Oops: Enabled (32-bit)
 Heap Region Size: 1M
 Heap Min Capacity: 8M
 Heap Initial Capacity: 60M
 Heap Max Capacity: 952M
 Pre-touch: Disabled
 Parallel Workers: 4
 Concurrent Workers: 1
 Concurrent Refinement Workers: 4
 Periodic GC: Disabled

Heap:
 garbage-first heap   total 61440K, used 7906K [0x00000000c4800000, 0x0000000100000000)
  region size 1024K, 8 young (8192K), 2 survivors (2048K)
 Metaspace       used 14894K, committed 15168K, reserved 1114112K
  class space    used 1668K, committed 1792K, reserved 1048576K

Heap Regions: E=young(eden), S=young(survivor), O=old, HS=humongous(starts), HC=humongous(continues), CS=collection set, F=free, OA=open archive, CA=closed archive, TAMS=top-at-mark-start, PB=parsable bottom
|   0|0x00000000c4800000, 0x00000000c48b8800, 0x00000000c4900000| 72%| O|  |TAMS 0x00000000c4800000| PB 0x00000000c4800000| Untracked 
|   1|0x00000000c4900000, 0x00000000c4900000, 0x00000000c4a00000|  0%| F|  |TAMS 0x00000000c4900000| PB 0x00000000c4900000| Untracked 
|   2|0x00000000c4a00000, 0x00000000c4a00000, 0x00000000c4b00000|  0%| F|  |TAMS 0x00000000c4a00000| PB 0x00000000c4a00000| Untracked 
|   3|0x00000000c4b00000, 0x00000000c4b00000, 0x00000000c4c00000|  0%| F|  |TAMS 0x00000000c4b00000| PB 0x00000000c4b00000| Untracked 
|   4|0x00000000c4c00000, 0x00000000c4c00000, 0x00000000c4d00000|  0%| F|  |TAMS 0x00000000c4c00000| PB 0x00000000c4c00000| Untracked 
|   5|0x00000000c4d00000, 0x00000000c4d00000, 0x00000000c4e00000|  0%| F|  |TAMS 0x00000000c4d00000| PB 0x00000000c4d00000| Untracked 
|   6|0x00000000c4e00000, 0x00000000c4e00000, 0x00000000c4f00000|  0%| F|  |TAMS 0x00000000c4e00000| PB 0x00000000c4e00000| Untracked 
|   7|0x00000000c4f00000, 0x00000000c4f00000, 0x00000000c5000000|  0%| F|  |TAMS 0x00000000c4f00000| PB 0x00000000c4f00000| Untracked 
|   8|0x00000000c5000000, 0x00000000c5000000, 0x00000000c5100000|  0%| F|  |TAMS 0x00000000c5000000| PB 0x00000000c5000000| Untracked 
|   9|0x00000000c5100000, 0x00000000c5100000, 0x00000000c5200000|  0%| F|  |TAMS 0x00000000c5100000| PB 0x00000000c5100000| Untracked 
|  10|0x00000000c5200000, 0x00000000c5200000, 0x00000000c5300000|  0%| F|  |TAMS 0x00000000c5200000| PB 0x00000000c5200000| Untracked 
|  11|0x00000000c5300000, 0x00000000c5300000, 0x00000000c5400000|  0%| F|  |TAMS 0x00000000c5300000| PB 0x00000000c5300000| Untracked 
|  12|0x00000000c5400000, 0x00000000c5400000, 0x00000000c5500000|  0%| F|  |TAMS 0x00000000c5400000| PB 0x00000000c5400000| Untracked 
|  13|0x00000000c5500000, 0x00000000c5500000, 0x00000000c5600000|  0%| F|  |TAMS 0x00000000c5500000| PB 0x00000000c5500000| Untracked 
|  14|0x00000000c5600000, 0x00000000c5600000, 0x00000000c5700000|  0%| F|  |TAMS 0x00000000c5600000| PB 0x00000000c5600000| Untracked 
|  15|0x00000000c5700000, 0x00000000c5700000, 0x00000000c5800000|  0%| F|  |TAMS 0x00000000c5700000| PB 0x00000000c5700000| Untracked 
|  16|0x00000000c5800000, 0x00000000c5800000, 0x00000000c5900000|  0%| F|  |TAMS 0x00000000c5800000| PB 0x00000000c5800000| Untracked 
|  17|0x00000000c5900000, 0x00000000c5900000, 0x00000000c5a00000|  0%| F|  |TAMS 0x00000000c5900000| PB 0x00000000c5900000| Untracked 
|  18|0x00000000c5a00000, 0x00000000c5a00000, 0x00000000c5b00000|  0%| F|  |TAMS 0x00000000c5a00000| PB 0x00000000c5a00000| Untracked 
|  19|0x00000000c5b00000, 0x00000000c5b00000, 0x00000000c5c00000|  0%| F|  |TAMS 0x00000000c5b00000| PB 0x00000000c5b00000| Untracked 
|  20|0x00000000c5c00000, 0x00000000c5c00000, 0x00000000c5d00000|  0%| F|  |TAMS 0x00000000c5c00000| PB 0x00000000c5c00000| Untracked 
|  21|0x00000000c5d00000, 0x00000000c5d00000, 0x00000000c5e00000|  0%| F|  |TAMS 0x00000000c5d00000| PB 0x00000000c5d00000| Untracked 
|  22|0x00000000c5e00000, 0x00000000c5e00000, 0x00000000c5f00000|  0%| F|  |TAMS 0x00000000c5e00000| PB 0x00000000c5e00000| Untracked 
|  23|0x00000000c5f00000, 0x00000000c5f00000, 0x00000000c6000000|  0%| F|  |TAMS 0x00000000c5f00000| PB 0x00000000c5f00000| Untracked 
|  24|0x00000000c6000000, 0x00000000c6000000, 0x00000000c6100000|  0%| F|  |TAMS 0x00000000c6000000| PB 0x00000000c6000000| Untracked 
|  25|0x00000000c6100000, 0x00000000c6100000, 0x00000000c6200000|  0%| F|  |TAMS 0x00000000c6100000| PB 0x00000000c6100000| Untracked 
|  26|0x00000000c6200000, 0x00000000c6200000, 0x00000000c6300000|  0%| F|  |TAMS 0x00000000c6200000| PB 0x00000000c6200000| Untracked 
|  27|0x00000000c6300000, 0x00000000c6300000, 0x00000000c6400000|  0%| F|  |TAMS 0x00000000c6300000| PB 0x00000000c6300000| Untracked 
|  28|0x00000000c6400000, 0x00000000c6400000, 0x00000000c6500000|  0%| F|  |TAMS 0x00000000c6400000| PB 0x00000000c6400000| Untracked 
|  29|0x00000000c6500000, 0x00000000c6500000, 0x00000000c6600000|  0%| F|  |TAMS 0x00000000c6500000| PB 0x00000000c6500000| Untracked 
|  30|0x00000000c6600000, 0x00000000c6600000, 0x00000000c6700000|  0%| F|  |TAMS 0x00000000c6600000| PB 0x00000000c6600000| Untracked 
|  31|0x00000000c6700000, 0x00000000c6700000, 0x00000000c6800000|  0%| F|  |TAMS 0x00000000c6700000| PB 0x00000000c6700000| Untracked 
|  32|0x00000000c6800000, 0x00000000c6800000, 0x00000000c6900000|  0%| F|  |TAMS 0x00000000c6800000| PB 0x00000000c6800000| Untracked 
|  33|0x00000000c6900000, 0x00000000c6900000, 0x00000000c6a00000|  0%| F|  |TAMS 0x00000000c6900000| PB 0x00000000c6900000| Untracked 
|  34|0x00000000c6a00000, 0x00000000c6a00000, 0x00000000c6b00000|  0%| F|  |TAMS 0x00000000c6a00000| PB 0x00000000c6a00000| Untracked 
|  35|0x00000000c6b00000, 0x00000000c6b00000, 0x00000000c6c00000|  0%| F|  |TAMS 0x00000000c6b00000| PB 0x00000000c6b00000| Untracked 
|  36|0x00000000c6c00000, 0x00000000c6c00000, 0x00000000c6d00000|  0%| F|  |TAMS 0x00000000c6c00000| PB 0x00000000c6c00000| Untracked 
|  37|0x00000000c6d00000, 0x00000000c6d00000, 0x00000000c6e00000|  0%| F|  |TAMS 0x00000000c6d00000| PB 0x00000000c6d00000| Untracked 
|  38|0x00000000c6e00000, 0x00000000c6e00000, 0x00000000c6f00000|  0%| F|  |TAMS 0x00000000c6e00000| PB 0x00000000c6e00000| Untracked 
|  39|0x00000000c6f00000, 0x00000000c6f00000, 0x00000000c7000000|  0%| F|  |TAMS 0x00000000c6f00000| PB 0x00000000c6f00000| Untracked 
|  40|0x00000000c7000000, 0x00000000c7000000, 0x00000000c7100000|  0%| F|  |TAMS 0x00000000c7000000| PB 0x00000000c7000000| Untracked 
|  41|0x00000000c7100000, 0x00000000c7100000, 0x00000000c7200000|  0%| F|  |TAMS 0x00000000c7100000| PB 0x00000000c7100000| Untracked 
|  42|0x00000000c7200000, 0x00000000c7200000, 0x00000000c7300000|  0%| F|  |TAMS 0x00000000c7200000| PB 0x00000000c7200000| Untracked 
|  43|0x00000000c7300000, 0x00000000c7300000, 0x00000000c7400000|  0%| F|  |TAMS 0x00000000c7300000| PB 0x00000000c7300000| Untracked 
|  44|0x00000000c7400000, 0x00000000c7400000, 0x00000000c7500000|  0%| F|  |TAMS 0x00000000c7400000| PB 0x00000000c7400000| Untracked 
|  45|0x00000000c7500000, 0x00000000c7600000, 0x00000000c7600000|100%| S|CS|TAMS 0x00000000c7500000| PB 0x00000000c7500000| Complete 
|  46|0x00000000c7600000, 0x00000000c7700000, 0x00000000c7700000|100%| S|CS|TAMS 0x00000000c7600000| PB 0x00000000c7600000| Complete 
|  47|0x00000000c7700000, 0x00000000c7700000, 0x00000000c7800000|  0%| F|  |TAMS 0x00000000c7700000| PB 0x00000000c7700000| Untracked 
|  48|0x00000000c7800000, 0x00000000c7800000, 0x00000000c7900000|  0%| F|  |TAMS 0x00000000c7800000| PB 0x00000000c7800000| Untracked 
|  49|0x00000000c7900000, 0x00000000c7900000, 0x00000000c7a00000|  0%| F|  |TAMS 0x00000000c7900000| PB 0x00000000c7900000| Untracked 
|  50|0x00000000c7a00000, 0x00000000c7a00000, 0x00000000c7b00000|  0%| F|  |TAMS 0x00000000c7a00000| PB 0x00000000c7a00000| Untracked 
|  51|0x00000000c7b00000, 0x00000000c7b00000, 0x00000000c7c00000|  0%| F|  |TAMS 0x00000000c7b00000| PB 0x00000000c7b00000| Untracked 
|  52|0x00000000c7c00000, 0x00000000c7c00000, 0x00000000c7d00000|  0%| F|  |TAMS 0x00000000c7c00000| PB 0x00000000c7c00000| Untracked 
|  53|0x00000000c7d00000, 0x00000000c7d00000, 0x00000000c7e00000|  0%| F|  |TAMS 0x00000000c7d00000| PB 0x00000000c7d00000| Untracked 
|  54|0x00000000c7e00000, 0x00000000c7e9c2c0, 0x00000000c7f00000| 61%| E|  |TAMS 0x00000000c7e00000| PB 0x00000000c7e00000| Complete 
|  55|0x00000000c7f00000, 0x00000000c8000000, 0x00000000c8000000|100%| E|CS|TAMS 0x00000000c7f00000| PB 0x00000000c7f00000| Complete 
|  56|0x00000000c8000000, 0x00000000c8100000, 0x00000000c8100000|100%| E|CS|TAMS 0x00000000c8000000| PB 0x00000000c8000000| Complete 
|  57|0x00000000c8100000, 0x00000000c8200000, 0x00000000c8200000|100%| E|CS|TAMS 0x00000000c8100000| PB 0x00000000c8100000| Complete 
|  58|0x00000000c8200000, 0x00000000c8300000, 0x00000000c8300000|100%| E|CS|TAMS 0x00000000c8200000| PB 0x00000000c8200000| Complete 
|  59|0x00000000c8300000, 0x00000000c8400000, 0x00000000c8400000|100%| E|CS|TAMS 0x00000000c8300000| PB 0x00000000c8300000| Complete 

Card table byte_map: [0x0000015f74d90000,0x0000015f74f70000] _byte_map_base: 0x0000015f7476c000

Marking Bits: (CMBitMap*) 0x0000015f5db11520
 Bits: [0x0000015f75150000, 0x0000015f76030000)

Polling page: 0x0000015f5d2a0000

Metaspace:

Usage:
  Non-class:     12.92 MB used.
      Class:      1.63 MB used.
       Both:     14.55 MB used.

Virtual space:
  Non-class space:       64.00 MB reserved,      13.06 MB ( 20%) committed,  1 nodes.
      Class space:        1.00 GB reserved,       1.75 MB ( <1%) committed,  1 nodes.
             Both:        1.06 GB reserved,      14.81 MB (  1%) committed. 

Chunk freelists:
   Non-Class:  2.89 MB
       Class:  2.23 MB
        Both:  5.12 MB

MaxMetaspaceSize: unlimited
CompressedClassSpaceSize: 1.00 GB
Initial GC threshold: 21.00 MB
Current GC threshold: 21.00 MB
CDS: on
MetaspaceReclaimPolicy: balanced
 - commit_granule_bytes: 65536.
 - commit_granule_words: 8192.
 - virtual_space_node_default_size: 8388608.
 - enlarge_chunks_in_place: 1.
 - new_chunks_are_fully_committed: 0.
 - uncommit_free_chunks: 1.
 - use_allocation_guard: 0.


Internal statistics:

num_allocs_failed_limit: 0.
num_arena_births: 158.
num_arena_deaths: 0.
num_vsnodes_births: 2.
num_vsnodes_deaths: 0.
num_space_committed: 237.
num_space_uncommitted: 0.
num_chunks_returned_to_freelist: 0.
num_chunks_taken_from_freelist: 344.
num_chunk_merges: 0.
num_chunk_splits: 207.
num_chunks_enlarged: 114.
num_inconsistent_stats: 0.

CodeHeap 'non-profiled nmethods': size=120000Kb used=479Kb max_used=479Kb free=119520Kb
 bounds [0x0000015f6d680000, 0x0000015f6d8f0000, 0x0000015f74bb0000]
CodeHeap 'profiled nmethods': size=120000Kb used=2438Kb max_used=2438Kb free=117561Kb
 bounds [0x0000015f65bb0000, 0x0000015f65e20000, 0x0000015f6d0e0000]
CodeHeap 'non-nmethods': size=5760Kb used=1621Kb max_used=1634Kb free=4138Kb
 bounds [0x0000015f6d0e0000, 0x0000015f6d350000, 0x0000015f6d680000]
 total_blobs=2058 nmethods=1433 adapters=536
 compilation: enabled
              stopped_count=0, restarted_count=0
 full_count=0

Compilation events (20 events):
Event: 1.229 Thread 0x0000015f7c99b840 1424   !   4       java.util.concurrent.ConcurrentHashMap::transfer (849 bytes)
Event: 1.229 Thread 0x0000015f784ae230 1425       3       jdk.internal.misc.Unsafe::getAndAddInt (27 bytes)
Event: 1.230 Thread 0x0000015f784ae230 nmethod 1425 0x0000015f65e06110 code [0x0000015f65e062a0, 0x0000015f65e064d8]
Event: 1.236 Thread 0x0000015f784ae230 1427       3       java.util.LinkedHashMap::afterNodeInsertion (40 bytes)
Event: 1.237 Thread 0x0000015f784ae230 nmethod 1427 0x0000015f65e06590 code [0x0000015f65e06760, 0x0000015f65e06bd8]
Event: 1.241 Thread 0x0000015f784ae230 1429       3       java.math.BigInteger::implMulAdd (81 bytes)
Event: 1.241 Thread 0x0000015f784ae230 nmethod 1429 0x0000015f65e06d90 code [0x0000015f65e06f20, 0x0000015f65e07170]
Event: 1.241 Thread 0x0000015f784ae230 1430       3       java.math.BigInteger::mulAdd (19 bytes)
Event: 1.242 Thread 0x0000015f784ae230 nmethod 1430 0x0000015f65e07310 code [0x0000015f65e074a0, 0x0000015f65e07628]
Event: 1.242 Thread 0x0000015f784ae230 1431       3       java.math.BigInteger::implMulAddCheck (176 bytes)
Event: 1.243 Thread 0x0000015f784ae230 nmethod 1431 0x0000015f65e07710 code [0x0000015f65e07b00, 0x0000015f65e09288]
Event: 1.243 Thread 0x0000015f784ae230 1432       3       java.math.BigInteger::addOne (77 bytes)
Event: 1.244 Thread 0x0000015f784ae230 nmethod 1432 0x0000015f65e09c90 code [0x0000015f65e09e40, 0x0000015f65e0a1b8]
Event: 1.244 Thread 0x0000015f784ae230 1434       3       java.math.BigInteger::shiftLeftImplWorker (43 bytes)
Event: 1.244 Thread 0x0000015f784ae230 nmethod 1434 0x0000015f65e0a310 code [0x0000015f65e0a4a0, 0x0000015f65e0a6d0]
Event: 1.245 Thread 0x0000015f784ae230 1435       3       jdk.internal.misc.Unsafe::putIntUnaligned (79 bytes)
Event: 1.246 Thread 0x0000015f784ae230 nmethod 1435 0x0000015f65e0a890 code [0x0000015f65e0aa40, 0x0000015f65e0add0]
Event: 1.246 Thread 0x0000015f784ae230 1437       3       jdk.internal.misc.Unsafe::putIntUnaligned (14 bytes)
Event: 1.246 Thread 0x0000015f784ae230 nmethod 1437 0x0000015f65e0ae90 code [0x0000015f65e0b020, 0x0000015f65e0b270]
Event: 1.246 Thread 0x0000015f784ae230 1436       3       sun.security.provider.ByteArrayAccess::b2iBig64 (231 bytes)

GC Heap History (2 events):
Event: 0.745 GC heap before
{Heap before GC invocations=0 (full 0):
 garbage-first heap   total 61440K, used 13312K [0x00000000c4800000, 0x0000000100000000)
  region size 1024K, 13 young (13312K), 0 survivors (0K)
 Metaspace       used 9572K, committed 9792K, reserved 1114112K
  class space    used 1052K, committed 1152K, reserved 1048576K
}
Event: 0.751 GC heap after
{Heap after GC invocations=1 (full 0):
 garbage-first heap   total 61440K, used 2786K [0x00000000c4800000, 0x0000000100000000)
  region size 1024K, 2 young (2048K), 2 survivors (2048K)
 Metaspace       used 9572K, committed 9792K, reserved 1114112K
  class space    used 1052K, committed 1152K, reserved 1048576K
}

Dll operation events (9 events):
Event: 0.012 Loaded shared library C:\Program Files\Java\jdk-20\bin\java.dll
Event: 0.038 Loaded shared library C:\Program Files\Java\jdk-20\bin\jsvml.dll
Event: 0.106 Loaded shared library C:\Program Files\Java\jdk-20\bin\net.dll
Event: 0.108 Loaded shared library C:\Program Files\Java\jdk-20\bin\nio.dll
Event: 0.135 Loaded shared library C:\Program Files\Java\jdk-20\bin\zip.dll
Event: 0.170 Loaded shared library C:\Program Files\Java\jdk-20\bin\jimage.dll
Event: 0.191 Loaded shared library C:\Program Files\Java\jdk-20\bin\awt.dll
Event: 0.650 Loaded shared library C:\Program Files\Java\jdk-20\bin\extnet.dll
Event: 0.825 Loaded shared library C:\Program Files\Java\jdk-20\bin\sunmscapi.dll

Deoptimization events (20 events):
Event: 0.843 Thread 0x0000015f5dad0fb0 Uncommon trap: trap_request=0xffffffde fr.pc=0x0000015f6d6d08e8 relative=0x0000000000000a68
Event: 0.843 Thread 0x0000015f5dad0fb0 Uncommon trap: reason=class_check action=maybe_recompile pc=0x0000015f6d6d08e8 method=java.util.HashMap.putVal(ILjava/lang/Object;Ljava/lang/Object;ZZ)Ljava/lang/Object; @ 203 c2
Event: 0.843 Thread 0x0000015f5dad0fb0 DEOPT PACKING pc=0x0000015f6d6d08e8 sp=0x00000013ae9fd590
Event: 0.843 Thread 0x0000015f5dad0fb0 DEOPT UNPACKING pc=0x0000015f6d149d22 sp=0x00000013ae9fd4c8 mode 2
Event: 0.845 Thread 0x0000015f5dad0fb0 Uncommon trap: trap_request=0xffffffc6 fr.pc=0x0000015f6d6cf11c relative=0x00000000000002dc
Event: 0.845 Thread 0x0000015f5dad0fb0 Uncommon trap: reason=bimorphic_or_optimized_type_check action=maybe_recompile pc=0x0000015f6d6cf11c method=java.util.HashMap.getNode(Ljava/lang/Object;)Ljava/util/HashMap$Node; @ 128 c2
Event: 0.845 Thread 0x0000015f5dad0fb0 DEOPT PACKING pc=0x0000015f6d6cf11c sp=0x00000013ae9fd5e0
Event: 0.845 Thread 0x0000015f5dad0fb0 DEOPT UNPACKING pc=0x0000015f6d149d22 sp=0x00000013ae9fd4f8 mode 2
Event: 0.845 Thread 0x0000015f5dad0fb0 Uncommon trap: trap_request=0xffffffc6 fr.pc=0x0000015f6d6c1330 relative=0x00000000000002f0
Event: 0.845 Thread 0x0000015f5dad0fb0 Uncommon trap: reason=bimorphic_or_optimized_type_check action=maybe_recompile pc=0x0000015f6d6c1330 method=java.util.HashMap.getNode(Ljava/lang/Object;)Ljava/util/HashMap$Node; @ 128 c2
Event: 0.845 Thread 0x0000015f5dad0fb0 DEOPT PACKING pc=0x0000015f6d6c1330 sp=0x00000013ae9fd570
Event: 0.845 Thread 0x0000015f5dad0fb0 DEOPT UNPACKING pc=0x0000015f6d149d22 sp=0x00000013ae9fd4f8 mode 2
Event: 0.846 Thread 0x0000015f5dad0fb0 Uncommon trap: trap_request=0xffffffde fr.pc=0x0000015f6d6d08e8 relative=0x0000000000000a68
Event: 0.846 Thread 0x0000015f5dad0fb0 Uncommon trap: reason=class_check action=maybe_recompile pc=0x0000015f6d6d08e8 method=java.util.HashMap.putVal(ILjava/lang/Object;Ljava/lang/Object;ZZ)Ljava/lang/Object; @ 203 c2
Event: 0.846 Thread 0x0000015f5dad0fb0 DEOPT PACKING pc=0x0000015f6d6d08e8 sp=0x00000013ae9fd590
Event: 0.846 Thread 0x0000015f5dad0fb0 DEOPT UNPACKING pc=0x0000015f6d149d22 sp=0x00000013ae9fd4c8 mode 2
Event: 1.053 Thread 0x0000015f5dad0fb0 Uncommon trap: trap_request=0xffffff45 fr.pc=0x0000015f6d6de784 relative=0x0000000000000264
Event: 1.053 Thread 0x0000015f5dad0fb0 Uncommon trap: reason=unstable_if action=reinterpret pc=0x0000015f6d6de784 method=java.util.HashMap.putVal(ILjava/lang/Object;Ljava/lang/Object;ZZ)Ljava/lang/Object; @ 162 c2
Event: 1.053 Thread 0x0000015f5dad0fb0 DEOPT PACKING pc=0x0000015f6d6de784 sp=0x00000013ae9fc740
Event: 1.053 Thread 0x0000015f5dad0fb0 DEOPT UNPACKING pc=0x0000015f6d149d22 sp=0x00000013ae9fc678 mode 2

Classes loaded (20 events):
Event: 1.240 Loading class sun/security/util/SignatureUtil done
Event: 1.240 Loading class java/security/interfaces/RSAPrivateKey
Event: 1.240 Loading class java/security/interfaces/RSAPrivateKey done
Event: 1.240 Loading class sun/security/rsa/RSACore
Event: 1.240 Loading class sun/security/rsa/RSACore done
Event: 1.245 Loading class sun/security/rsa/MGF1
Event: 1.245 Loading class sun/security/rsa/MGF1 done
Event: 1.246 Loading class sun/security/ssl/Finished$FinishedMessage
Event: 1.246 Loading class sun/security/ssl/Finished$FinishedMessage done
Event: 1.246 Loading class sun/security/ssl/Finished$VerifyDataScheme
Event: 1.247 Loading class sun/security/ssl/Finished$VerifyDataScheme done
Event: 1.247 Loading class sun/security/ssl/Finished$S30VerifyDataGenerator
Event: 1.247 Loading class sun/security/ssl/Finished$VerifyDataGenerator
Event: 1.247 Loading class sun/security/ssl/Finished$VerifyDataGenerator done
Event: 1.247 Loading class sun/security/ssl/Finished$S30VerifyDataGenerator done
Event: 1.247 Loading class sun/security/ssl/Finished$T10VerifyDataGenerator
Event: 1.247 Loading class sun/security/ssl/Finished$T10VerifyDataGenerator done
Event: 1.247 Loading class sun/security/ssl/Finished$T12VerifyDataGenerator
Event: 1.247 Loading class sun/security/ssl/Finished$T12VerifyDataGenerator done
Event: 1.247 Loading class sun/security/ssl/Finished$T13VerifyDataGenerator

Classes unloaded (0 events):
No events

Classes redefined (0 events):
No events

Internal exceptions (20 events):
Event: 0.112 Thread 0x0000015f5dad0fb0 Exception <a 'sun/nio/fs/WindowsException'{0x00000000c8286410}> (0x00000000c8286410) 
thrown [s\open\src\hotspot\share\prims\jni.cpp, line 519]
Event: 0.179 Thread 0x0000015f5dad0fb0 Exception <a 'java/lang/ClassNotFoundException'{0x00000000c8151690}: sun/awt/resources/spi/awtProvider> (0x00000000c8151690) 
thrown [s\open\src\hotspot\share\classfile\systemDictionary.cpp, line 305]
Event: 0.205 Thread 0x0000015f5dad0fb0 Exception <a 'java/io/FileNotFoundException'{0x00000000c81a7ef0}> (0x00000000c81a7ef0) 
thrown [s\open\src\hotspot\share\prims\jni.cpp, line 519]
Event: 0.212 Thread 0x0000015f5dad0fb0 Exception <a 'java/io/FileNotFoundException'{0x00000000c81d2100}> (0x00000000c81d2100) 
thrown [s\open\src\hotspot\share\prims\jni.cpp, line 519]
Event: 0.298 Thread 0x0000015f5dad0fb0 Exception <a 'java/lang/NoSuchMethodError'{0x00000000c7f24298}: 'void java.lang.invoke.DirectMethodHandle$Holder.invokeSpecial(java.lang.Object, java.lang.Object, java.lang.Object)'> (0x00000000c7f24298) 
thrown [s\open\src\hotspot\share\interpreter\linkResolver.cpp, line 773]
Event: 0.309 Thread 0x0000015f5dad0fb0 Exception <a 'java/lang/NoSuchMethodError'{0x00000000c7f4ec20}: 'java.lang.Object java.lang.invoke.DirectMethodHandle$Holder.newInvokeSpecial(java.lang.Object, java.lang.Object, java.lang.Object, java.lang.Object, java.lang.Object)'> (0x00000000c7f4ec20) 
thrown [s\open\src\hotspot\share\interpreter\linkResolver.cpp, line 773]
Event: 0.316 Thread 0x0000015f5dad0fb0 Exception <a 'java/lang/NoSuchMethodError'{0x00000000c7f7f4c8}: 'java.lang.Object java.lang.invoke.DirectMethodHandle$Holder.invokeStatic(java.lang.Object, int, java.lang.Object)'> (0x00000000c7f7f4c8) 
thrown [s\open\src\hotspot\share\interpreter\linkResolver.cpp, line 773]
Event: 0.344 Thread 0x0000015f5dad0fb0 Exception <a 'java/lang/ClassNotFoundException'{0x00000000c7e3ac88}: com/sun/swing/internal/plaf/metal/resources/spi/metalProvider> (0x00000000c7e3ac88) 
thrown [s\open\src\hotspot\share\classfile\systemDictionary.cpp, line 305]
Event: 0.345 Thread 0x0000015f5dad0fb0 Exception <a 'java/lang/ClassNotFoundException'{0x00000000c7e3ebe8}: com/sun/swing/internal/plaf/basic/resources/spi/basicProvider> (0x00000000c7e3ebe8) 
thrown [s\open\src\hotspot\share\classfile\systemDictionary.cpp, line 305]
Event: 0.361 Thread 0x0000015f5dad0fb0 Exception <a 'java/lang/NoSuchMethodError'{0x00000000c7e5dff8}: 'int java.lang.invoke.Invokers$Holder.invokeExact_MT(java.lang.Object, java.lang.Object)'> (0x00000000c7e5dff8) 
thrown [s\open\src\hotspot\share\interpreter\linkResolver.cpp, line 773]
Event: 0.477 Thread 0x0000015f5dad0fb0 Exception <a 'java/lang/NoSuchMethodError'{0x00000000c7c19480}: 'java.lang.Object java.lang.invoke.DirectMethodHandle$Holder.invokeInterface(java.lang.Object, java.lang.Object)'> (0x00000000c7c19480) 
thrown [s\open\src\hotspot\share\interpreter\linkResolver.cpp, line 773]
Event: 0.518 Thread 0x0000015f5dad0fb0 Exception <a 'java/lang/NoSuchMethodError'{0x00000000c7ca3498}: 'void java.lang.invoke.DirectMethodHandle$Holder.invokeStatic(java.lang.Object, java.lang.Object, java.lang.Object)'> (0x00000000c7ca3498) 
thrown [s\open\src\hotspot\share\interpreter\linkResolver.cpp, line 773]
Event: 0.520 Thread 0x0000015f5dad0fb0 Exception <a 'java/lang/NoSuchMethodError'{0x00000000c7cacfa8}: 'java.lang.Object java.lang.invoke.DirectMethodHandle$Holder.invokeVirtual(java.lang.Object, java.lang.Object, java.lang.Object)'> (0x00000000c7cacfa8) 
thrown [s\open\src\hotspot\share\interpreter\linkResolver.cpp, line 773]
Event: 0.652 Thread 0x0000015f5dad0fb0 Exception <a 'java/lang/NoSuchMethodError'{0x00000000c79fd4b0}: 'void java.lang.invoke.DirectMethodHandle$Holder.invokeStatic(java.lang.Object, java.lang.Object)'> (0x00000000c79fd4b0) 
thrown [s\open\src\hotspot\share\interpreter\linkResolver.cpp, line 773]
Event: 0.781 Thread 0x0000015f5dad0fb0 Exception <a 'java/lang/NoSuchMethodError'{0x00000000c8219410}: 'void java.lang.invoke.DirectMethodHandle$Holder.invokeStaticInit(java.lang.Object, java.lang.Object)'> (0x00000000c8219410) 
thrown [s\open\src\hotspot\share\interpreter\linkResolver.cpp, line 773]
Event: 0.871 Thread 0x0000015f5dad0fb0 Exception <a 'sun/nio/fs/WindowsException'{0x00000000c81716d8}> (0x00000000c81716d8) 
thrown [s\open\src\hotspot\share\prims\jni.cpp, line 519]
Event: 0.913 Thread 0x0000015f5dad0fb0 Exception <a 'java/lang/NoSuchMethodError'{0x00000000c80269e0}: 'java.lang.Object java.lang.invoke.DirectMethodHandle$Holder.invokeStaticInit(java.lang.Object, int, int, int, int)'> (0x00000000c80269e0) 
thrown [s\open\src\hotspot\share\interpreter\linkResolver.cpp, line 773]
Event: 1.032 Thread 0x0000015f5dad0fb0 Exception <a 'java/lang/NoSuchMethodError'{0x00000000c80ec418}: 'java.lang.Object java.lang.invoke.DirectMethodHandle$Holder.invokeStaticInit(java.lang.Object, java.lang.Object, int, int, int, int)'> (0x00000000c80ec418) 
thrown [s\open\src\hotspot\share\interpreter\linkResolver.cpp, line 773]
Event: 1.071 Thread 0x0000015f5dad0fb0 Exception <a 'java/lang/NoSuchMethodError'{0x00000000c7f492c8}: 'int java.lang.invoke.DirectMethodHandle$Holder.invokeSpecial(java.lang.Object, java.lang.Object, java.lang.Object)'> (0x00000000c7f492c8) 
thrown [s\open\src\hotspot\share\interpreter\linkResolver.cpp, line 773]
Event: 1.210 Thread 0x0000015f5dad0fb0 Exception <a 'java/lang/NoSuchMethodError'{0x00000000c7e53a60}: 'void java.lang.invoke.DirectMethodHandle$Holder.invokeVirtual(java.lang.Object, java.lang.Object)'> (0x00000000c7e53a60) 
thrown [s\open\src\hotspot\share\interpreter\linkResolver.cpp, line 773]

VM Operations (14 events):
Event: 0.113 Executing VM operation: HandshakeAllThreads
Event: 0.113 Executing VM operation: HandshakeAllThreads done
Event: 0.221 Executing VM operation: HandshakeAllThreads
Event: 0.221 Executing VM operation: HandshakeAllThreads done
Event: 0.386 Executing VM operation: HandshakeAllThreads
Event: 0.386 Executing VM operation: HandshakeAllThreads done
Event: 0.452 Executing VM operation: HandshakeAllThreads
Event: 0.453 Executing VM operation: HandshakeAllThreads done
Event: 0.636 Executing VM operation: HandshakeAllThreads
Event: 0.636 Executing VM operation: HandshakeAllThreads done
Event: 0.745 Executing VM operation: G1CollectForAllocation
Event: 0.751 Executing VM operation: G1CollectForAllocation done
Event: 0.879 Executing VM operation: HandshakeAllThreads
Event: 0.879 Executing VM operation: HandshakeAllThreads done

Events (17 events):
Event: 0.038 Thread 0x0000015f5dad0fb0 Thread added: 0x0000015f5dad0fb0
Event: 0.062 Thread 0x0000015f784991e0 Thread added: 0x0000015f784991e0
Event: 0.062 Thread 0x0000015f7849a180 Thread added: 0x0000015f7849a180
Event: 0.063 Thread 0x0000015f784a44d0 Thread added: 0x0000015f784a44d0
Event: 0.063 Thread 0x0000015f784a4fb0 Thread added: 0x0000015f784a4fb0
Event: 0.063 Thread 0x0000015f784a6230 Thread added: 0x0000015f784a6230
Event: 0.063 Thread 0x0000015f784ab9c0 Thread added: 0x0000015f784ab9c0
Event: 0.063 Thread 0x0000015f784acf70 Thread added: 0x0000015f784acf70
Event: 0.064 Thread 0x0000015f784ae230 Thread added: 0x0000015f784ae230
Event: 0.093 Thread 0x0000015f7856e020 Thread added: 0x0000015f7856e020
Event: 0.129 Thread 0x0000015f7c8e3af0 Thread added: 0x0000015f7c8e3af0
Event: 0.157 Thread 0x0000015f7c99b840 Thread added: 0x0000015f7c99b840
Event: 0.257 Thread 0x0000015f7caa1110 Thread added: 0x0000015f7caa1110
Event: 0.259 Thread 0x0000015f7caa2680 Thread added: 0x0000015f7caa2680
Event: 0.261 Thread 0x0000015f7cae3c90 Thread added: 0x0000015f7cae3c90
Event: 0.420 Thread 0x0000015f7cbabab0 Thread added: 0x0000015f7cbabab0
Event: 0.437 Thread 0x0000015f7cb0f2a0 Thread added: 0x0000015f7cb0f2a0


Dynamic libraries:
0x00007ff611f50000 - 0x00007ff611f60000 	C:\Program Files\Java\jdk-20\bin\java.exe
0x00007ffff4650000 - 0x00007ffff4848000 	C:\Windows\SYSTEM32\ntdll.dll
0x00007ffff2850000 - 0x00007ffff2911000 	C:\Windows\System32\KERNEL32.DLL
0x00007ffff2100000 - 0x00007ffff23f6000 	C:\Windows\System32\KERNELBASE.dll
0x00007ffff2580000 - 0x00007ffff2680000 	C:\Windows\System32\ucrtbase.dll
0x00007fffef350000 - 0x00007fffef369000 	C:\Program Files\Java\jdk-20\bin\jli.dll
0x00007fffef060000 - 0x00007fffef07b000 	C:\Program Files\Java\jdk-20\bin\VCRUNTIME140.dll
0x00007ffff2fb0000 - 0x00007ffff3060000 	C:\Windows\System32\ADVAPI32.dll
0x00007ffff2ac0000 - 0x00007ffff2b5e000 	C:\Windows\System32\msvcrt.dll
0x00007ffff2680000 - 0x00007ffff2720000 	C:\Windows\System32\sechost.dll
0x00007ffff2720000 - 0x00007ffff2843000 	C:\Windows\System32\RPCRT4.dll
0x00007ffff24b0000 - 0x00007ffff24d7000 	C:\Windows\System32\bcrypt.dll
0x00007ffff2e10000 - 0x00007ffff2faf000 	C:\Windows\System32\USER32.dll
0x00007ffff1d50000 - 0x00007ffff1d72000 	C:\Windows\System32\win32u.dll
0x00007ffff45e0000 - 0x00007ffff460b000 	C:\Windows\System32\GDI32.dll
0x00007fffdf710000 - 0x00007fffdf9aa000 	C:\Windows\WinSxS\amd64_microsoft.windows.common-controls_6595b64144ccf1df_6.0.19041.4355_none_60b8b9eb71f62e16\COMCTL32.dll
0x00007ffff1d80000 - 0x00007ffff1e97000 	C:\Windows\System32\gdi32full.dll
0x00007ffff24e0000 - 0x00007ffff257d000 	C:\Windows\System32\msvcp_win.dll
0x00007fffeacf0000 - 0x00007fffeacfa000 	C:\Windows\SYSTEM32\VERSION.dll
0x00007ffff44d0000 - 0x00007ffff44ff000 	C:\Windows\System32\IMM32.DLL
0x00007fffeeca0000 - 0x00007fffeecac000 	C:\Program Files\Java\jdk-20\bin\vcruntime140_1.dll
0x00007fffdab60000 - 0x00007fffdabee000 	C:\Program Files\Java\jdk-20\bin\msvcp140.dll
0x00007fffa4f30000 - 0x00007fffa5bc8000 	C:\Program Files\Java\jdk-20\bin\server\jvm.dll
0x00007fffddfb0000 - 0x00007fffddfb9000 	C:\Windows\SYSTEM32\WSOCK32.dll
0x00007fffde8f0000 - 0x00007fffde917000 	C:\Windows\SYSTEM32\WINMM.dll
0x00007ffff33d0000 - 0x00007ffff343b000 	C:\Windows\System32\WS2_32.dll
0x00007fffefb40000 - 0x00007fffefb52000 	C:\Windows\SYSTEM32\kernel.appcore.dll
0x00007fffeba80000 - 0x00007fffeba8a000 	C:\Program Files\Java\jdk-20\bin\jimage.dll
0x00007fffe0310000 - 0x00007fffe04f4000 	C:\Windows\SYSTEM32\DBGHELP.DLL
0x00007fffe0100000 - 0x00007fffe0134000 	C:\Windows\SYSTEM32\dbgcore.DLL
0x00007ffff2000000 - 0x00007ffff2082000 	C:\Windows\System32\bcryptPrimitives.dll
0x00007fffee710000 - 0x00007fffee736000 	C:\Program Files\Java\jdk-20\bin\java.dll
0x00007fffd9d30000 - 0x00007fffd9e07000 	C:\Program Files\Java\jdk-20\bin\jsvml.dll
0x00007ffff34a0000 - 0x00007ffff3c0c000 	C:\Windows\System32\SHELL32.dll
0x00007fffefd40000 - 0x00007ffff04de000 	C:\Windows\SYSTEM32\windows.storage.dll
0x00007ffff3070000 - 0x00007ffff33c3000 	C:\Windows\System32\combase.dll
0x00007ffff1720000 - 0x00007ffff174e000 	C:\Windows\SYSTEM32\Wldp.dll
0x00007ffff2d30000 - 0x00007ffff2dfd000 	C:\Windows\System32\OLEAUT32.dll
0x00007ffff3ca0000 - 0x00007ffff3d4d000 	C:\Windows\System32\SHCORE.dll
0x00007ffff3440000 - 0x00007ffff3495000 	C:\Windows\System32\shlwapi.dll
0x00007ffff1c30000 - 0x00007ffff1c54000 	C:\Windows\SYSTEM32\profapi.dll
0x00007fffeb840000 - 0x00007fffeb853000 	C:\Program Files\Java\jdk-20\bin\net.dll
0x00007fffe9ff0000 - 0x00007fffea0fa000 	C:\Windows\SYSTEM32\WINHTTP.dll
0x00007ffff1480000 - 0x00007ffff14ea000 	C:\Windows\system32\mswsock.dll
0x00007fffe6aa0000 - 0x00007fffe6ab6000 	C:\Program Files\Java\jdk-20\bin\nio.dll
0x00007fffe2f10000 - 0x00007fffe2f28000 	C:\Program Files\Java\jdk-20\bin\zip.dll
0x00007fffc5c20000 - 0x00007fffc5db1000 	C:\Program Files\Java\jdk-20\bin\awt.dll
0x00007fffee3b0000 - 0x00007fffee444000 	C:\Windows\SYSTEM32\apphelp.dll
0x00007fffef850000 - 0x00007fffef87f000 	C:\Windows\system32\DWMAPI.DLL
0x00007fffef660000 - 0x00007fffef6fe000 	C:\Windows\system32\uxtheme.dll
0x00007fffd6d80000 - 0x00007fffd6ea8000 	C:\Windows\system32\opengl32.dll
0x00007fffd6bf0000 - 0x00007fffd6c1c000 	C:\Windows\SYSTEM32\GLU32.dll
0x00007ffff3e90000 - 0x00007ffff3fa4000 	C:\Windows\System32\MSCTF.dll
0x00007ffff2990000 - 0x00007ffff2abb000 	C:\Windows\System32\ole32.dll
0x00007ffff1160000 - 0x00007ffff122a000 	C:\Windows\SYSTEM32\DNSAPI.dll
0x00007ffff1110000 - 0x00007ffff114b000 	C:\Windows\SYSTEM32\IPHLPAPI.DLL
0x00007ffff2980000 - 0x00007ffff2988000 	C:\Windows\System32\NSI.dll
0x00007fffe7e50000 - 0x00007fffe7e5a000 	C:\Windows\System32\rasadhlp.dll
0x00007fffe2cf0000 - 0x00007fffe2d70000 	C:\Windows\System32\fwpuclnt.dll
0x00007fffe6a90000 - 0x00007fffe6a97000 	C:\Program Files\Java\jdk-20\bin\extnet.dll
0x00007fffee210000 - 0x00007fffee21e000 	C:\Program Files\Java\jdk-20\bin\sunmscapi.dll
0x00007ffff1ea0000 - 0x00007ffff1ffe000 	C:\Windows\System32\CRYPT32.dll
0x00007ffff1790000 - 0x00007ffff17b9000 	C:\Windows\SYSTEM32\ncrypt.dll
0x00007ffff1750000 - 0x00007ffff178b000 	C:\Windows\SYSTEM32\NTASN1.dll
0x00007ffff1680000 - 0x00007ffff1698000 	C:\Windows\SYSTEM32\CRYPTSP.dll
0x00007ffff0d30000 - 0x00007ffff0d64000 	C:\Windows\system32\rsaenh.dll
0x00007ffff1ba0000 - 0x00007ffff1bce000 	C:\Windows\SYSTEM32\USERENV.dll
0x00007ffff1670000 - 0x00007ffff167c000 	C:\Windows\SYSTEM32\CRYPTBASE.dll
0x00007fffea630000 - 0x00007fffea647000 	C:\Windows\SYSTEM32\dhcpcsvc6.DLL
0x00007fffeacd0000 - 0x00007fffeaced000 	C:\Windows\SYSTEM32\dhcpcsvc.DLL

dbghelp: loaded successfully - version: 4.0.5 - missing functions: none
symbol engine: initialized successfully - sym options: 0x614 - pdb path: .;C:\Program Files\Java\jdk-20\bin;C:\Windows\SYSTEM32;C:\Windows\WinSxS\amd64_microsoft.windows.common-controls_6595b64144ccf1df_6.0.19041.4355_none_60b8b9eb71f62e16;C:\Program Files\Java\jdk-20\bin\server

VM Arguments:
jvm_args: -Dfile.encoding=UTF-8 --module-path=C:\Users\Administrator\Documents\NetBeansProjects\University Management System\build\classes 
java_command: university.management.system.ExaminationDetails
java_class_path (initial): C:\Users\Administrator\Downloads\jcalendar-tz-1.3.3-4.jar;C:\Users\Administrator\Downloads\mysql-connector-java-8.0.11;C:\Users\Administrator\Downloads\mysql-connector-j-9.0.0\mysql-connector-j-9.0.0.jar;C:\Users\Administrator\Downloads\rs2xml.jar;C:\Users\Administrator\Documents\NetBeansProjects\University Management System\build\classes
Launcher Type: SUN_STANDARD

[Global flags]
     intx CICompilerCount                          = 3                                         {product} {ergonomic}
     uint ConcGCThreads                            = 1                                         {product} {ergonomic}
     uint G1ConcRefinementThreads                  = 4                                         {product} {ergonomic}
   size_t G1HeapRegionSize                         = 1048576                                   {product} {ergonomic}
    uintx GCDrainStackTargetSize                   = 64                                        {product} {ergonomic}
   size_t InitialHeapSize                          = 62914560                                  {product} {ergonomic}
   size_t MarkStackSize                            = 4194304                                   {product} {ergonomic}
   size_t MaxHeapSize                              = 998244352                                 {product} {ergonomic}
   size_t MaxNewSize                               = 598736896                                 {product} {ergonomic}
   size_t MinHeapDeltaBytes                        = 1048576                                   {product} {ergonomic}
   size_t MinHeapSize                              = 8388608                                   {product} {ergonomic}
    uintx NonNMethodCodeHeapSize                   = 5832780                                {pd product} {ergonomic}
    uintx NonProfiledCodeHeapSize                  = 122912730                              {pd product} {ergonomic}
    uintx ProfiledCodeHeapSize                     = 122912730                              {pd product} {ergonomic}
    uintx ReservedCodeCacheSize                    = 251658240                              {pd product} {ergonomic}
     bool SegmentedCodeCache                       = true                                      {product} {ergonomic}
   size_t SoftMaxHeapSize                          = 998244352                              {manageable} {ergonomic}
     bool UseCompressedClassPointers               = true                           {product lp64_product} {ergonomic}
     bool UseCompressedOops                        = true                           {product lp64_product} {ergonomic}
     bool UseG1GC                                  = true                                      {product} {ergonomic}
     bool UseLargePagesIndividualAllocation        = false                                  {pd product} {ergonomic}

Logging:
Log output configuration:
 #0: stdout all=warning uptime,level,tags foldmultilines=false
 #1: stderr all=off uptime,level,tags foldmultilines=false

Environment Variables:
PATH=C:\Program Files\Java\jdk-20\bin;C:\Program Files\Git\cmd;C:\Windows\System32;C:\Program Files\MySQL\MySQL Server 8.0\bin;C:\Program Files\MySQL\MySQL Shell 8.0\bin\;C:\Program Files\Java\jdk-20\bin;C:\Program Files\Git\cmd;C:\Windows\System32;C:\Users\Administrator\AppData\Local\Microsoft\WindowsApps;C:\Users\Administrator\AppData\Local\Programs\Microsoft VS Code\bin;C:\Users\Administrator\AppData\Local\GitHubDesktop\bin;C:\Program Files\MySQL\MySQL Server 8.0\bin
USERNAME=Administrator
OS=Windows_NT
PROCESSOR_IDENTIFIER=Intel64 Family 6 Model 60 Stepping 3, GenuineIntel
TMP=C:\Users\ADMINI~1\AppData\Local\Temp
TEMP=C:\Users\ADMINI~1\AppData\Local\Temp




---------------  S Y S T E M  ---------------

OS:
 Windows 10 , 64 bit Build 19041 (10.0.19041.4597)
OS uptime: 0 days 7:53 hours

CPU: total 4 (initial active 4) (2 cores per cpu, 2 threads per core) family 6 model 60 stepping 3 microcode 0x27, cx8, cmov, fxsr, ht, mmx, sse, sse2, sse3, ssse3, sse4.1, sse4.2, popcnt, lzcnt, tsc, tscinvbit, avx, avx2, erms, clmul, bmi1, bmi2, fma, vzeroupper, clflush, rdtscp, f16c

Memory: 4k page, system-wide physical 3804M (365M free)
TotalPageFile size 15580M (AvailPageFile size 2M)
current process WorkingSet (physical memory assigned to process): 88M, peak: 88M
current process commit charge ("private bytes"): 161M, peak: 162M

vm_info: Java HotSpot(TM) 64-Bit Server VM (20.0.2+9-78) for windows-amd64 JRE (20.0.2+9-78), built on 2023-06-14T10:08:48Z by "mach5one" with MS VC++ 17.1 (VS2022)

END.
