#
# There is insufficient memory for the Java Runtime Environment to continue.
# Native memory allocation (mmap) failed to map 62914560 bytes for G1 virtual space
# Possible reasons:
#   The system is out of physical RAM or swap space
#   The process is running with CompressedOops enabled, and the Java Heap may be blocking the growth of the native heap
# Possible solutions:
#   Reduce memory load on the system
#   Increase physical memory or swap space
#   Check if swap backing store is full
#   Decrease Java heap size (-Xmx/-Xms)
#   Decrease number of Java threads
#   Decrease Java thread stack sizes (-Xss)
#   Set larger code cache with -XX:ReservedCodeCacheSize=
#   JVM is running with Unscaled Compressed Oops mode in which the Java heap is
#     placed in the first 4GB address space. The Java Heap base address is the
#     maximum limit for the native heap growth. Please use -XX:HeapBaseMinAddress
#     to set the Java Heap base and to place the Java Heap above 4GB virtual address.
# This output file may be truncated or incomplete.
#
#  Out of Memory Error (os_windows.cpp:3528), pid=18112, tid=14100
#
# JRE version:  (20.0.2+9) (build )
# Java VM: Java HotSpot(TM) 64-Bit Server VM (20.0.2+9-78, mixed mode, sharing, tiered, compressed oops, compressed class ptrs, g1 gc, windows-amd64)
# No core dump will be written. Minidumps are not enabled by default on client versions of Windows
#

---------------  S U M M A R Y ------------

Command Line: -Dfile.encoding=UTF-8 --module-path=C:\Users\Administrator\Documents\NetBeansProjects\University Management System\build\classes university.management.system.TeacherDetails

Host: Intel(R) Core(TM) i3-4000M CPU @ 2.40GHz, 4 cores, 3G,  Windows 10 , 64 bit Build 19041 (10.0.19041.4597)
Time: Sat Aug 10 02:29:58 2024 Pacific Daylight Time elapsed time: 0.035891 seconds (0d 0h 0m 0s)

---------------  T H R E A D  ---------------

Current thread (0x0000024c950023a0):  JavaThread "Unknown thread" [_thread_in_vm, id=14100, stack(0x00000056bbe00000,0x00000056bbf00000)]

Stack: [0x00000056bbe00000,0x00000056bbf00000]
Native frames: (J=compiled Java code, j=interpreted, Vv=VM code, C=native code)
V  [jvm.dll+0x6bc25a]
V  [jvm.dll+0x84971a]
V  [jvm.dll+0x84b315]
V  [jvm.dll+0x84ba13]
V  [jvm.dll+0x280e4f]
V  [jvm.dll+0x6b8fe9]
V  [jvm.dll+0x6adbca]
V  [jvm.dll+0x35b165]
V  [jvm.dll+0x363386]
V  [jvm.dll+0x3b400e]
V  [jvm.dll+0x3b4295]
V  [jvm.dll+0x32b86a]
V  [jvm.dll+0x32c68b]
V  [jvm.dll+0x8123df]
V  [jvm.dll+0x3c1261]
V  [jvm.dll+0x7fe103]
V  [jvm.dll+0x44ccaf]
V  [jvm.dll+0x44e621]
C  [jli.dll+0x5287]
C  [ucrtbase.dll+0x21bb2]
C  [KERNEL32.DLL+0x17374]
C  [ntdll.dll+0x4cc91]


---------------  P R O C E S S  ---------------

Threads class SMR info:
_java_thread_list=0x00007fffcabab118, length=0, elements={
}

Java Threads: ( => current thread )

Other Threads:
  0x0000024c950412d0 WorkerThread "GC Thread#0" [stack: 0x00000056bbf00000,0x00000056bc000000] [id=10364]
  0x0000024c95049990 ConcurrentGCThread "G1 Main Marker" [stack: 0x00000056bc000000,0x00000056bc100000] [id=1792]
  0x0000024c9504ba80 WorkerThread "G1 Conc#0" [stack: 0x00000056bc100000,0x00000056bc200000] [id=1312]

[error occurred during error reporting (printing all threads), id 0xc0000005, EXCEPTION_ACCESS_VIOLATION (0xc0000005) at pc=0x00007fffca38eea7]
VM state: not at safepoint (not fully initialized)

VM Mutex/Monitor currently owned by a thread:  ([mutex/lock_event])
[0x0000024c94ffdae0] Heap_lock - owner thread: 0x0000024c950023a0

Heap address: 0x00000000c4800000, size: 952 MB, Compressed Oops mode: 32-bit

CDS archive(s) mapped at: [0x0000000000000000-0x0000000000000000-0x0000000000000000), size 0, SharedBaseAddress: 0x0000000800000000, ArchiveRelocationMode: 1.
Narrow klass base: 0x0000000000000000, Narrow klass shift: 0, Narrow klass range: 0x0

GC Precious Log:
 CardTable entry size: 512
 Card Set container configuration: InlinePtr #cards 5 size 8 Array Of Cards #cards 12 size 40 Howl #buckets 4 coarsen threshold 1843 Howl Bitmap #cards 512 size 80 coarsen threshold 460 Card regions per heap region 1 cards per card region 2048

Heap:
 garbage-first heap   total 0K, used 0K [0x00000000c4800000, 0x0000000100000000)
  region size 1024K, 0 young (0K), 0 survivors (0K)

[error occurred during error reporting (printing heap information), id 0xc0000005, EXCEPTION_ACCESS_VIOLATION (0xc0000005) at pc=0x00007fffca7647b9]
GC Heap History (0 events):
No events

Dll operation events (1 events):
Event: 0.011 Loaded shared library C:\Program Files\Java\jdk-20\bin\java.dll

Deoptimization events (0 events):
No events

Classes loaded (0 events):
No events

Classes unloaded (0 events):
No events

Classes redefined (0 events):
No events

Internal exceptions (0 events):
No events

VM Operations (0 events):
No events

Events (0 events):
No events


Dynamic libraries:
0x00007ff76a080000 - 0x00007ff76a090000 	C:\Program Files\Java\jdk-20\bin\java.exe
0x00007ffff8270000 - 0x00007ffff8468000 	C:\Windows\SYSTEM32\ntdll.dll
0x00007ffff7ac0000 - 0x00007ffff7b81000 	C:\Windows\System32\KERNEL32.DLL
0x00007ffff5d20000 - 0x00007ffff6016000 	C:\Windows\System32\KERNELBASE.dll
0x00007ffff5bf0000 - 0x00007ffff5cf0000 	C:\Windows\System32\ucrtbase.dll
0x00007fffea250000 - 0x00007fffea269000 	C:\Program Files\Java\jdk-20\bin\jli.dll
0x00007ffff25c0000 - 0x00007ffff25db000 	C:\Program Files\Java\jdk-20\bin\VCRUNTIME140.dll
0x00007ffff7510000 - 0x00007ffff75c0000 	C:\Windows\System32\ADVAPI32.dll
0x00007ffff66b0000 - 0x00007ffff674e000 	C:\Windows\System32\msvcrt.dll
0x00007ffff8190000 - 0x00007ffff8230000 	C:\Windows\System32\sechost.dll
0x00007ffff7990000 - 0x00007ffff7ab3000 	C:\Windows\System32\RPCRT4.dll
0x00007ffff5cf0000 - 0x00007ffff5d17000 	C:\Windows\System32\bcrypt.dll
0x00007ffff75c0000 - 0x00007ffff775f000 	C:\Windows\System32\USER32.dll
0x00007ffff5920000 - 0x00007ffff5942000 	C:\Windows\System32\win32u.dll
0x00007fffe3030000 - 0x00007fffe32ca000 	C:\Windows\WinSxS\amd64_microsoft.windows.common-controls_6595b64144ccf1df_6.0.19041.4355_none_60b8b9eb71f62e16\COMCTL32.dll
0x00007ffff7960000 - 0x00007ffff798b000 	C:\Windows\System32\GDI32.dll
0x00007ffff6020000 - 0x00007ffff6137000 	C:\Windows\System32\gdi32full.dll
0x00007ffff6140000 - 0x00007ffff61dd000 	C:\Windows\System32\msvcp_win.dll
0x00007fffeea80000 - 0x00007fffeea8a000 	C:\Windows\SYSTEM32\VERSION.dll
0x00007ffff6ec0000 - 0x00007ffff6eef000 	C:\Windows\System32\IMM32.DLL
0x00007ffff2780000 - 0x00007ffff278c000 	C:\Program Files\Java\jdk-20\bin\vcruntime140_1.dll
0x00007fffcc910000 - 0x00007fffcc99e000 	C:\Program Files\Java\jdk-20\bin\msvcp140.dll
0x00007fffca050000 - 0x00007fffcace8000 	C:\Program Files\Java\jdk-20\bin\server\jvm.dll
0x00007fffe04f0000 - 0x00007fffe0517000 	C:\Windows\SYSTEM32\WINMM.dll
0x00007fffe06c0000 - 0x00007fffe06c9000 	C:\Windows\SYSTEM32\WSOCK32.dll
0x00007ffff8020000 - 0x00007ffff808b000 	C:\Windows\System32\WS2_32.dll
0x00007ffff3760000 - 0x00007ffff3772000 	C:\Windows\SYSTEM32\kernel.appcore.dll
0x00007ffff2410000 - 0x00007ffff241a000 	C:\Program Files\Java\jdk-20\bin\jimage.dll
0x00007fffe27a0000 - 0x00007fffe2984000 	C:\Windows\SYSTEM32\DBGHELP.DLL
0x00007fffe1fd0000 - 0x00007fffe2004000 	C:\Windows\SYSTEM32\dbgcore.DLL
0x00007ffff5ab0000 - 0x00007ffff5b32000 	C:\Windows\System32\bcryptPrimitives.dll
0x00007fffef350000 - 0x00007fffef376000 	C:\Program Files\Java\jdk-20\bin\java.dll

dbghelp: loaded successfully - version: 4.0.5 - missing functions: none
symbol engine: initialized successfully - sym options: 0x614 - pdb path: .;C:\Program Files\Java\jdk-20\bin;C:\Windows\SYSTEM32;C:\Windows\WinSxS\amd64_microsoft.windows.common-controls_6595b64144ccf1df_6.0.19041.4355_none_60b8b9eb71f62e16;C:\Program Files\Java\jdk-20\bin\server

VM Arguments:
jvm_args: -Dfile.encoding=UTF-8 --module-path=C:\Users\Administrator\Documents\NetBeansProjects\University Management System\build\classes 
java_command: university.management.system.TeacherDetails
java_class_path (initial): C:\Users\Administrator\Downloads\jcalendar-tz-1.3.3-4.jar;C:\Users\Administrator\Downloads\mysql-connector-java-8.0.11;C:\Users\Administrator\Downloads\mysql-connector-j-9.0.0\mysql-connector-j-9.0.0.jar;C:\Users\Administrator\Downloads\rs2xml.jar;C:\Users\Administrator\Documents\NetBeansProjects\University Management System\build\classes
Launcher Type: SUN_STANDARD

[Global flags]
     intx CICompilerCount                          = 3                                         {product} {ergonomic}
     uint ConcGCThreads                            = 1                                         {product} {ergonomic}
     uint G1ConcRefinementThreads                  = 4                                         {product} {ergonomic}
   size_t G1HeapRegionSize                         = 1048576                                   {product} {ergonomic}
    uintx GCDrainStackTargetSize                   = 64                                        {product} {ergonomic}
   size_t InitialHeapSize                          = 62914560                                  {product} {ergonomic}
   size_t MarkStackSize                            = 4194304                                   {product} {ergonomic}
   size_t MaxHeapSize                              = 998244352                                 {product} {ergonomic}
   size_t MinHeapDeltaBytes                        = 1048576                                   {product} {ergonomic}
   size_t MinHeapSize                              = 8388608                                   {product} {ergonomic}
    uintx NonNMethodCodeHeapSize                   = 5832780                                {pd product} {ergonomic}
    uintx NonProfiledCodeHeapSize                  = 122912730                              {pd product} {ergonomic}
    uintx ProfiledCodeHeapSize                     = 122912730                              {pd product} {ergonomic}
    uintx ReservedCodeCacheSize                    = 251658240                              {pd product} {ergonomic}
     bool SegmentedCodeCache                       = true                                      {product} {ergonomic}
   size_t SoftMaxHeapSize                          = 998244352                              {manageable} {ergonomic}
     bool UseCompressedClassPointers               = true                           {product lp64_product} {ergonomic}
     bool UseCompressedOops                        = true                           {product lp64_product} {ergonomic}
     bool UseG1GC                                  = true                                      {product} {ergonomic}
     bool UseLargePagesIndividualAllocation        = false                                  {pd product} {ergonomic}

Logging:
Log output configuration:
 #0: stdout all=warning uptime,level,tags foldmultilines=false
 #1: stderr all=off uptime,level,tags foldmultilines=false

Environment Variables:
PATH=C:\Program Files\Java\jdk-20\bin;C:\Program Files\Git\cmd;C:\Windows\System32;C:\Program Files\MySQL\MySQL Server 8.0\bin;C:\Program Files\MySQL\MySQL Shell 8.0\bin\;C:\Program Files\Java\jdk-20\bin;C:\Program Files\Git\cmd;C:\Windows\System32;C:\Users\Administrator\AppData\Local\Microsoft\WindowsApps;C:\Users\Administrator\AppData\Local\Programs\Microsoft VS Code\bin;C:\Users\Administrator\AppData\Local\GitHubDesktop\bin;C:\Program Files\MySQL\MySQL Server 8.0\bin
USERNAME=Administrator
OS=Windows_NT
PROCESSOR_IDENTIFIER=Intel64 Family 6 Model 60 Stepping 3, GenuineIntel
TMP=C:\Users\ADMINI~1\AppData\Local\Temp
TEMP=C:\Users\ADMINI~1\AppData\Local\Temp




---------------  S Y S T E M  ---------------

OS:
 Windows 10 , 64 bit Build 19041 (10.0.19041.4597)
OS uptime: 1 days 23:18 hours

CPU: total 4 (initial active 4) (2 cores per cpu, 2 threads per core) family 6 model 60 stepping 3 microcode 0x27, cx8, cmov, fxsr, ht, mmx, sse, sse2, sse3, ssse3, sse4.1, sse4.2, popcnt, lzcnt, tsc, tscinvbit, avx, avx2, erms, clmul, bmi1, bmi2, fma, vzeroupper, clflush, rdtscp, f16c

Memory: 4k page, system-wide physical 3804M (222M free)
TotalPageFile size 15580M (AvailPageFile size 23M)
current process WorkingSet (physical memory assigned to process): 11M, peak: 11M
current process commit charge ("private bytes"): 51M, peak: 111M

vm_info: Java HotSpot(TM) 64-Bit Server VM (20.0.2+9-78) for windows-amd64 JRE (20.0.2+9-78), built on 2023-06-14T10:08:48Z by "mach5one" with MS VC++ 17.1 (VS2022)

END.
