#
# There is insufficient memory for the Java Runtime Environment to continue.
# Native memory allocation (malloc) failed to allocate 308720 bytes for Chunk::new
# Possible reasons:
#   The system is out of physical RAM or swap space
#   The process is running with CompressedOops enabled, and the Java Heap may be blocking the growth of the native heap
# Possible solutions:
#   Reduce memory load on the system
#   Increase physical memory or swap space
#   Check if swap backing store is full
#   Decrease Java heap size (-Xmx/-Xms)
#   Decrease number of Java threads
#   Decrease Java thread stack sizes (-Xss)
#   Set larger code cache with -XX:ReservedCodeCacheSize=
#   JVM is running with Unscaled Compressed Oops mode in which the Java heap is
#     placed in the first 4GB address space. The Java Heap base address is the
#     maximum limit for the native heap growth. Please use -XX:HeapBaseMinAddress
#     to set the Java Heap base and to place the Java Heap above 4GB virtual address.
# This output file may be truncated or incomplete.
#
#  Out of Memory Error (arena.cpp:184), pid=992, tid=8224
#
# JRE version: Java(TM) SE Runtime Environment (20.0.2+9) (build 20.0.2+9-78)
# Java VM: Java HotSpot(TM) 64-Bit Server VM (20.0.2+9-78, mixed mode, sharing, tiered, compressed oops, compressed class ptrs, g1 gc, windows-amd64)
# No core dump will be written. Minidumps are not enabled by default on client versions of Windows
#

---------------  S U M M A R Y ------------

Command Line: -Dfile.encoding=UTF-8 --module-path=C:\Users\Administrator\Documents\NetBeansProjects\University Management System\build\classes university.management.system.ExaminationDetails

Host: Intel(R) Core(TM) i3-4000M CPU @ 2.40GHz, 4 cores, 3G,  Windows 10 , 64 bit Build 19041 (10.0.19041.4597)
Time: Tue Aug  6 13:24:32 2024 Pacific Daylight Time elapsed time: 0.762367 seconds (0d 0h 0m 0s)

---------------  T H R E A D  ---------------

Current thread (0x000001d7e2b26600):  JavaThread "C2 CompilerThread0" daemon [_thread_in_native, id=8224, stack(0x0000008c72900000,0x0000008c72a00000)]


Current CompileTask:
C2:    762  872 %     4       java.util.Properties$LineReader::readLine @ 224 (584 bytes)

Stack: [0x0000008c72900000,0x0000008c72a00000]
Native frames: (J=compiled Java code, j=interpreted, Vv=VM code, C=native code)
V  [jvm.dll+0x6bc25a]
V  [jvm.dll+0x84971a]
V  [jvm.dll+0x84b315]
V  [jvm.dll+0x84ba13]
V  [jvm.dll+0x280e4f]
V  [jvm.dll+0xc2ab1]
V  [jvm.dll+0xc2dd5]
V  [jvm.dll+0x3bb64c]
V  [jvm.dll+0x385b75]
V  [jvm.dll+0x384fea]
V  [jvm.dll+0x24b529]
V  [jvm.dll+0x24a921]
V  [jvm.dll+0x1ce761]
V  [jvm.dll+0x25a0eb]
V  [jvm.dll+0x2587c0]
V  [jvm.dll+0x3f2dd5]
V  [jvm.dll+0x7f5c76]
V  [jvm.dll+0x6baecb]
C  [ucrtbase.dll+0x21bb2]
C  [KERNEL32.DLL+0x17374]
C  [ntdll.dll+0x4cc91]


---------------  P R O C E S S  ---------------

Threads class SMR info:
_java_thread_list=0x000001d7e813de00, length=16, elements={
0x000001d7c81e73d0, 0x000001d7e2b13850, 0x000001d7e2b14650, 0x000001d7e2b18db0,
0x000001d7e2b1b700, 0x000001d7e2b1cbf0, 0x000001d7e2b251f0, 0x000001d7e2b26600,
0x000001d7e2b27720, 0x000001d7e2afa530, 0x000001d7e6e06c40, 0x000001d7e7010ae0,
0x000001d7e7015b00, 0x000001d7e7018b10, 0x000001d7e704c910, 0x000001d7e70ccf20
}

Java Threads: ( => current thread )
  0x000001d7c81e73d0 JavaThread "main" [_thread_in_vm, id=1032, stack(0x0000008c71c00000,0x0000008c71d00000)]
  0x000001d7e2b13850 JavaThread "Reference Handler" daemon [_thread_blocked, id=15624, stack(0x0000008c72300000,0x0000008c72400000)]
  0x000001d7e2b14650 JavaThread "Finalizer" daemon [_thread_blocked, id=8040, stack(0x0000008c72400000,0x0000008c72500000)]
  0x000001d7e2b18db0 JavaThread "Signal Dispatcher" daemon [_thread_blocked, id=15140, stack(0x0000008c72500000,0x0000008c72600000)]
  0x000001d7e2b1b700 JavaThread "Attach Listener" daemon [_thread_blocked, id=17516, stack(0x0000008c72600000,0x0000008c72700000)]
  0x000001d7e2b1cbf0 JavaThread "Service Thread" daemon [_thread_blocked, id=11428, stack(0x0000008c72700000,0x0000008c72800000)]
  0x000001d7e2b251f0 JavaThread "Monitor Deflation Thread" daemon [_thread_blocked, id=16136, stack(0x0000008c72800000,0x0000008c72900000)]
=>0x000001d7e2b26600 JavaThread "C2 CompilerThread0" daemon [_thread_in_native, id=8224, stack(0x0000008c72900000,0x0000008c72a00000)]
  0x000001d7e2b27720 JavaThread "C1 CompilerThread0" daemon [_thread_in_native, id=2860, stack(0x0000008c72a00000,0x0000008c72b00000)]
  0x000001d7e2afa530 JavaThread "Common-Cleaner" daemon [_thread_blocked, id=15544, stack(0x0000008c72b00000,0x0000008c72c00000)]
  0x000001d7e6e06c40 JavaThread "Notification Thread" daemon [_thread_blocked, id=18100, stack(0x0000008c72c00000,0x0000008c72d00000)]
  0x000001d7e7010ae0 JavaThread "Java2D Disposer" daemon [_thread_blocked, id=17976, stack(0x0000008c72e00000,0x0000008c72f00000)]
  0x000001d7e7015b00 JavaThread "AWT-Shutdown" [_thread_blocked, id=17984, stack(0x0000008c72f00000,0x0000008c73000000)]
  0x000001d7e7018b10 JavaThread "AWT-Windows" daemon [_thread_in_native, id=17988, stack(0x0000008c73000000,0x0000008c73100000)]
  0x000001d7e704c910 JavaThread "AWT-EventQueue-0" [_thread_blocked, id=18064, stack(0x0000008c73100000,0x0000008c73200000)]
  0x000001d7e70ccf20 JavaThread "mysql-cj-abandoned-connection-cleanup" daemon [_thread_blocked, id=18068, stack(0x0000008c73200000,0x0000008c73300000)]

Other Threads:
  0x000001d7c82a3880 VMThread "VM Thread" [stack: 0x0000008c72200000,0x0000008c72300000] [id=5308]
  0x000001d7e6dba0d0 WatcherThread "VM Periodic Task Thread" [stack: 0x0000008c72d00000,0x0000008c72e00000] [id=18112]
  0x000001d7c8221340 WorkerThread "GC Thread#0" [stack: 0x0000008c71d00000,0x0000008c71e00000] [id=10108]
  0x000001d7c822a210 ConcurrentGCThread "G1 Main Marker" [stack: 0x0000008c71e00000,0x0000008c71f00000] [id=9168]
  0x000001d7c822e720 WorkerThread "G1 Conc#0" [stack: 0x0000008c71f00000,0x0000008c72000000] [id=15420]
  0x000001d7c82819b0 ConcurrentGCThread "G1 Refine#0" [stack: 0x0000008c72000000,0x0000008c72100000] [id=17812]
  0x000001d7c8282360 ConcurrentGCThread "G1 Service" [stack: 0x0000008c72100000,0x0000008c72200000] [id=9492]

Threads with active compile tasks:
C2 CompilerThread0      786  872 %     4       java.util.Properties$LineReader::readLine @ 224 (584 bytes)

VM state: not at safepoint (normal execution)

VM Mutex/Monitor currently owned by a thread: None

Heap address: 0x00000000c4800000, size: 952 MB, Compressed Oops mode: 32-bit

CDS archive(s) mapped at: [0x000001d780000000-0x000001d780c60000-0x000001d780c60000), size 12976128, SharedBaseAddress: 0x000001d780000000, ArchiveRelocationMode: 1.
Compressed class space mapped at: 0x000001d781000000-0x000001d7c1000000, reserved size: 1073741824
Narrow klass base: 0x000001d780000000, Narrow klass shift: 0, Narrow klass range: 0x100000000

GC Precious Log:
 CardTable entry size: 512
 Card Set container configuration: InlinePtr #cards 5 size 8 Array Of Cards #cards 12 size 40 Howl #buckets 4 coarsen threshold 1843 Howl Bitmap #cards 512 size 80 coarsen threshold 460 Card regions per heap region 1 cards per card region 2048
 CPUs: 4 total, 4 available
 Memory: 3804M
 Large Page Support: Disabled
 NUMA Support: Disabled
 Compressed Oops: Enabled (32-bit)
 Heap Region Size: 1M
 Heap Min Capacity: 8M
 Heap Initial Capacity: 60M
 Heap Max Capacity: 952M
 Pre-touch: Disabled
 Parallel Workers: 4
 Concurrent Workers: 1
 Concurrent Refinement Workers: 4
 Periodic GC: Disabled

Heap:
 garbage-first heap   total 61440K, used 11264K [0x00000000c4800000, 0x0000000100000000)
  region size 1024K, 12 young (12288K), 0 survivors (0K)
 Metaspace       used 9240K, committed 9472K, reserved 1114112K
  class space    used 1022K, committed 1152K, reserved 1048576K

Heap Regions: E=young(eden), S=young(survivor), O=old, HS=humongous(starts), HC=humongous(continues), CS=collection set, F=free, OA=open archive, CA=closed archive, TAMS=top-at-mark-start, PB=parsable bottom
|   0|0x00000000c4800000, 0x00000000c4800000, 0x00000000c4900000|  0%| F|  |TAMS 0x00000000c4800000| PB 0x00000000c4800000| Untracked 
|   1|0x00000000c4900000, 0x00000000c4900000, 0x00000000c4a00000|  0%| F|  |TAMS 0x00000000c4900000| PB 0x00000000c4900000| Untracked 
|   2|0x00000000c4a00000, 0x00000000c4a00000, 0x00000000c4b00000|  0%| F|  |TAMS 0x00000000c4a00000| PB 0x00000000c4a00000| Untracked 
|   3|0x00000000c4b00000, 0x00000000c4b00000, 0x00000000c4c00000|  0%| F|  |TAMS 0x00000000c4b00000| PB 0x00000000c4b00000| Untracked 
|   4|0x00000000c4c00000, 0x00000000c4c00000, 0x00000000c4d00000|  0%| F|  |TAMS 0x00000000c4c00000| PB 0x00000000c4c00000| Untracked 
|   5|0x00000000c4d00000, 0x00000000c4d00000, 0x00000000c4e00000|  0%| F|  |TAMS 0x00000000c4d00000| PB 0x00000000c4d00000| Untracked 
|   6|0x00000000c4e00000, 0x00000000c4e00000, 0x00000000c4f00000|  0%| F|  |TAMS 0x00000000c4e00000| PB 0x00000000c4e00000| Untracked 
|   7|0x00000000c4f00000, 0x00000000c4f00000, 0x00000000c5000000|  0%| F|  |TAMS 0x00000000c4f00000| PB 0x00000000c4f00000| Untracked 
|   8|0x00000000c5000000, 0x00000000c5000000, 0x00000000c5100000|  0%| F|  |TAMS 0x00000000c5000000| PB 0x00000000c5000000| Untracked 
|   9|0x00000000c5100000, 0x00000000c5100000, 0x00000000c5200000|  0%| F|  |TAMS 0x00000000c5100000| PB 0x00000000c5100000| Untracked 
|  10|0x00000000c5200000, 0x00000000c5200000, 0x00000000c5300000|  0%| F|  |TAMS 0x00000000c5200000| PB 0x00000000c5200000| Untracked 
|  11|0x00000000c5300000, 0x00000000c5300000, 0x00000000c5400000|  0%| F|  |TAMS 0x00000000c5300000| PB 0x00000000c5300000| Untracked 
|  12|0x00000000c5400000, 0x00000000c5400000, 0x00000000c5500000|  0%| F|  |TAMS 0x00000000c5400000| PB 0x00000000c5400000| Untracked 
|  13|0x00000000c5500000, 0x00000000c5500000, 0x00000000c5600000|  0%| F|  |TAMS 0x00000000c5500000| PB 0x00000000c5500000| Untracked 
|  14|0x00000000c5600000, 0x00000000c5600000, 0x00000000c5700000|  0%| F|  |TAMS 0x00000000c5600000| PB 0x00000000c5600000| Untracked 
|  15|0x00000000c5700000, 0x00000000c5700000, 0x00000000c5800000|  0%| F|  |TAMS 0x00000000c5700000| PB 0x00000000c5700000| Untracked 
|  16|0x00000000c5800000, 0x00000000c5800000, 0x00000000c5900000|  0%| F|  |TAMS 0x00000000c5800000| PB 0x00000000c5800000| Untracked 
|  17|0x00000000c5900000, 0x00000000c5900000, 0x00000000c5a00000|  0%| F|  |TAMS 0x00000000c5900000| PB 0x00000000c5900000| Untracked 
|  18|0x00000000c5a00000, 0x00000000c5a00000, 0x00000000c5b00000|  0%| F|  |TAMS 0x00000000c5a00000| PB 0x00000000c5a00000| Untracked 
|  19|0x00000000c5b00000, 0x00000000c5b00000, 0x00000000c5c00000|  0%| F|  |TAMS 0x00000000c5b00000| PB 0x00000000c5b00000| Untracked 
|  20|0x00000000c5c00000, 0x00000000c5c00000, 0x00000000c5d00000|  0%| F|  |TAMS 0x00000000c5c00000| PB 0x00000000c5c00000| Untracked 
|  21|0x00000000c5d00000, 0x00000000c5d00000, 0x00000000c5e00000|  0%| F|  |TAMS 0x00000000c5d00000| PB 0x00000000c5d00000| Untracked 
|  22|0x00000000c5e00000, 0x00000000c5e00000, 0x00000000c5f00000|  0%| F|  |TAMS 0x00000000c5e00000| PB 0x00000000c5e00000| Untracked 
|  23|0x00000000c5f00000, 0x00000000c5f00000, 0x00000000c6000000|  0%| F|  |TAMS 0x00000000c5f00000| PB 0x00000000c5f00000| Untracked 
|  24|0x00000000c6000000, 0x00000000c6000000, 0x00000000c6100000|  0%| F|  |TAMS 0x00000000c6000000| PB 0x00000000c6000000| Untracked 
|  25|0x00000000c6100000, 0x00000000c6100000, 0x00000000c6200000|  0%| F|  |TAMS 0x00000000c6100000| PB 0x00000000c6100000| Untracked 
|  26|0x00000000c6200000, 0x00000000c6200000, 0x00000000c6300000|  0%| F|  |TAMS 0x00000000c6200000| PB 0x00000000c6200000| Untracked 
|  27|0x00000000c6300000, 0x00000000c6300000, 0x00000000c6400000|  0%| F|  |TAMS 0x00000000c6300000| PB 0x00000000c6300000| Untracked 
|  28|0x00000000c6400000, 0x00000000c6400000, 0x00000000c6500000|  0%| F|  |TAMS 0x00000000c6400000| PB 0x00000000c6400000| Untracked 
|  29|0x00000000c6500000, 0x00000000c6500000, 0x00000000c6600000|  0%| F|  |TAMS 0x00000000c6500000| PB 0x00000000c6500000| Untracked 
|  30|0x00000000c6600000, 0x00000000c6600000, 0x00000000c6700000|  0%| F|  |TAMS 0x00000000c6600000| PB 0x00000000c6600000| Untracked 
|  31|0x00000000c6700000, 0x00000000c6700000, 0x00000000c6800000|  0%| F|  |TAMS 0x00000000c6700000| PB 0x00000000c6700000| Untracked 
|  32|0x00000000c6800000, 0x00000000c6800000, 0x00000000c6900000|  0%| F|  |TAMS 0x00000000c6800000| PB 0x00000000c6800000| Untracked 
|  33|0x00000000c6900000, 0x00000000c6900000, 0x00000000c6a00000|  0%| F|  |TAMS 0x00000000c6900000| PB 0x00000000c6900000| Untracked 
|  34|0x00000000c6a00000, 0x00000000c6a00000, 0x00000000c6b00000|  0%| F|  |TAMS 0x00000000c6a00000| PB 0x00000000c6a00000| Untracked 
|  35|0x00000000c6b00000, 0x00000000c6b00000, 0x00000000c6c00000|  0%| F|  |TAMS 0x00000000c6b00000| PB 0x00000000c6b00000| Untracked 
|  36|0x00000000c6c00000, 0x00000000c6c00000, 0x00000000c6d00000|  0%| F|  |TAMS 0x00000000c6c00000| PB 0x00000000c6c00000| Untracked 
|  37|0x00000000c6d00000, 0x00000000c6d00000, 0x00000000c6e00000|  0%| F|  |TAMS 0x00000000c6d00000| PB 0x00000000c6d00000| Untracked 
|  38|0x00000000c6e00000, 0x00000000c6e00000, 0x00000000c6f00000|  0%| F|  |TAMS 0x00000000c6e00000| PB 0x00000000c6e00000| Untracked 
|  39|0x00000000c6f00000, 0x00000000c6f00000, 0x00000000c7000000|  0%| F|  |TAMS 0x00000000c6f00000| PB 0x00000000c6f00000| Untracked 
|  40|0x00000000c7000000, 0x00000000c7000000, 0x00000000c7100000|  0%| F|  |TAMS 0x00000000c7000000| PB 0x00000000c7000000| Untracked 
|  41|0x00000000c7100000, 0x00000000c7100000, 0x00000000c7200000|  0%| F|  |TAMS 0x00000000c7100000| PB 0x00000000c7100000| Untracked 
|  42|0x00000000c7200000, 0x00000000c7200000, 0x00000000c7300000|  0%| F|  |TAMS 0x00000000c7200000| PB 0x00000000c7200000| Untracked 
|  43|0x00000000c7300000, 0x00000000c7300000, 0x00000000c7400000|  0%| F|  |TAMS 0x00000000c7300000| PB 0x00000000c7300000| Untracked 
|  44|0x00000000c7400000, 0x00000000c7400000, 0x00000000c7500000|  0%| F|  |TAMS 0x00000000c7400000| PB 0x00000000c7400000| Untracked 
|  45|0x00000000c7500000, 0x00000000c7500000, 0x00000000c7600000|  0%| F|  |TAMS 0x00000000c7500000| PB 0x00000000c7500000| Untracked 
|  46|0x00000000c7600000, 0x00000000c7600000, 0x00000000c7700000|  0%| F|  |TAMS 0x00000000c7600000| PB 0x00000000c7600000| Untracked 
|  47|0x00000000c7700000, 0x00000000c7700000, 0x00000000c7800000|  0%| F|  |TAMS 0x00000000c7700000| PB 0x00000000c7700000| Untracked 
|  48|0x00000000c7800000, 0x00000000c7900000, 0x00000000c7900000|100%| E|  |TAMS 0x00000000c7800000| PB 0x00000000c7800000| Complete 
|  49|0x00000000c7900000, 0x00000000c7a00000, 0x00000000c7a00000|100%| E|CS|TAMS 0x00000000c7900000| PB 0x00000000c7900000| Complete 
|  50|0x00000000c7a00000, 0x00000000c7b00000, 0x00000000c7b00000|100%| E|CS|TAMS 0x00000000c7a00000| PB 0x00000000c7a00000| Complete 
|  51|0x00000000c7b00000, 0x00000000c7c00000, 0x00000000c7c00000|100%| E|CS|TAMS 0x00000000c7b00000| PB 0x00000000c7b00000| Complete 
|  52|0x00000000c7c00000, 0x00000000c7d00000, 0x00000000c7d00000|100%| E|CS|TAMS 0x00000000c7c00000| PB 0x00000000c7c00000| Complete 
|  53|0x00000000c7d00000, 0x00000000c7e00000, 0x00000000c7e00000|100%| E|CS|TAMS 0x00000000c7d00000| PB 0x00000000c7d00000| Complete 
|  54|0x00000000c7e00000, 0x00000000c7f00000, 0x00000000c7f00000|100%| E|CS|TAMS 0x00000000c7e00000| PB 0x00000000c7e00000| Complete 
|  55|0x00000000c7f00000, 0x00000000c8000000, 0x00000000c8000000|100%| E|CS|TAMS 0x00000000c7f00000| PB 0x00000000c7f00000| Complete 
|  56|0x00000000c8000000, 0x00000000c8100000, 0x00000000c8100000|100%| E|CS|TAMS 0x00000000c8000000| PB 0x00000000c8000000| Complete 
|  57|0x00000000c8100000, 0x00000000c8200000, 0x00000000c8200000|100%| E|CS|TAMS 0x00000000c8100000| PB 0x00000000c8100000| Complete 
|  58|0x00000000c8200000, 0x00000000c8300000, 0x00000000c8300000|100%| E|CS|TAMS 0x00000000c8200000| PB 0x00000000c8200000| Complete 
|  59|0x00000000c8300000, 0x00000000c8400000, 0x00000000c8400000|100%| E|CS|TAMS 0x00000000c8300000| PB 0x00000000c8300000| Complete 

Card table byte_map: [0x000001d7df2c0000,0x000001d7df4a0000] _byte_map_base: 0x000001d7dec9c000

Marking Bits: (CMBitMap*) 0x000001d7c8221880
 Bits: [0x000001d7df680000, 0x000001d7e0560000)

Polling page: 0x000001d7c60c0000

Metaspace:

Usage:
  Non-class:      8.04 MB used.
      Class:      1.00 MB used.
       Both:      9.04 MB used.

Virtual space:
  Non-class space:       64.00 MB reserved,       8.19 MB ( 13%) committed,  1 nodes.
      Class space:        1.00 GB reserved,       1.12 MB ( <1%) committed,  1 nodes.
             Both:        1.06 GB reserved,       9.31 MB ( <1%) committed. 

Chunk freelists:
   Non-Class:  3.52 MB
       Class:  2.91 MB
        Both:  6.42 MB

MaxMetaspaceSize: unlimited
CompressedClassSpaceSize: 1.00 GB
Initial GC threshold: 21.00 MB
Current GC threshold: 21.00 MB
CDS: on
MetaspaceReclaimPolicy: balanced
 - commit_granule_bytes: 65536.
 - commit_granule_words: 8192.
 - virtual_space_node_default_size: 8388608.
 - enlarge_chunks_in_place: 1.
 - new_chunks_are_fully_committed: 0.
 - uncommit_free_chunks: 1.
 - use_allocation_guard: 0.


Internal statistics:

num_allocs_failed_limit: 0.
num_arena_births: 144.
num_arena_deaths: 0.
num_vsnodes_births: 2.
num_vsnodes_deaths: 0.
num_space_committed: 149.
num_space_uncommitted: 0.
num_chunks_returned_to_freelist: 0.
num_chunks_taken_from_freelist: 268.
num_chunk_merges: 0.
num_chunk_splits: 168.
num_chunks_enlarged: 96.
num_inconsistent_stats: 0.

CodeHeap 'non-profiled nmethods': size=120000Kb used=286Kb max_used=286Kb free=119713Kb
 bounds [0x000001d7d7d90000, 0x000001d7d8000000, 0x000001d7df2c0000]
CodeHeap 'profiled nmethods': size=120000Kb used=1434Kb max_used=1434Kb free=118565Kb
 bounds [0x000001d7d02c0000, 0x000001d7d0530000, 0x000001d7d77f0000]
CodeHeap 'non-nmethods': size=5760Kb used=1551Kb max_used=1553Kb free=4208Kb
 bounds [0x000001d7d77f0000, 0x000001d7d7a60000, 0x000001d7d7d90000]
 total_blobs=1487 nmethods=917 adapters=481
 compilation: enabled
              stopped_count=0, restarted_count=0
 full_count=0

Compilation events (20 events):
Event: 0.726 Thread 0x000001d7e2b27720 nmethod 870 0x000001d7d03fec10 code [0x000001d7d03fee40, 0x000001d7d03ff620]
Event: 0.729 Thread 0x000001d7e2b26600  872 %     4       java.util.Properties$LineReader::readLine @ 224 (584 bytes)
Event: 0.732 Thread 0x000001d7e2b27720  873   !   3       java.util.concurrent.ConcurrentHashMap::computeIfAbsent (576 bytes)
Event: 0.736 Thread 0x000001d7e2b27720 nmethod 873 0x000001d7d03ff810 code [0x000001d7d03ffc20, 0x000001d7d0401f98]
Event: 0.736 Thread 0x000001d7e2b27720  874       3       jdk.internal.ref.PhantomCleanable::<init> (49 bytes)
Event: 0.736 Thread 0x000001d7e2b27720 nmethod 874 0x000001d7d0403010 code [0x000001d7d0403260, 0x000001d7d0403d78]
Event: 0.738 Thread 0x000001d7e2b27720  875   !   3       java.util.zip.Inflater::needsInput (55 bytes)
Event: 0.738 Thread 0x000001d7e2b27720 nmethod 875 0x000001d7d0404110 code [0x000001d7d04042c0, 0x000001d7d0404690]
Event: 0.738 Thread 0x000001d7e2b27720  876   !   3       java.util.zip.Inflater::inflate (456 bytes)
Event: 0.741 Thread 0x000001d7e2b27720 nmethod 876 0x000001d7d0404810 code [0x000001d7d0404bc0, 0x000001d7d04068f0]
Event: 0.748 Thread 0x000001d7e2b27720  879       3       java.util.LinkedHashMap::get (29 bytes)
Event: 0.748 Thread 0x000001d7e2b27720 nmethod 879 0x000001d7d0407890 code [0x000001d7d0407a40, 0x000001d7d0407cf8]
Event: 0.749 Thread 0x000001d7e2b27720  881       3       java.lang.StringLatin1::indexOf (25 bytes)
Event: 0.749 Thread 0x000001d7e2b27720 nmethod 881 0x000001d7d0407e10 code [0x000001d7d0407fc0, 0x000001d7d04081c0]
Event: 0.750 Thread 0x000001d7e2b27720  882       3       java.util.jar.Attributes::getValue (9 bytes)
Event: 0.750 Thread 0x000001d7e2b27720 nmethod 882 0x000001d7d0408290 code [0x000001d7d0408440, 0x000001d7d0408760]
Event: 0.750 Thread 0x000001d7e2b27720  883       3       java.util.jar.Attributes::get (11 bytes)
Event: 0.750 Thread 0x000001d7e2b27720 nmethod 883 0x000001d7d0408890 code [0x000001d7d0408a20, 0x000001d7d0408bf0]
Event: 0.752 Thread 0x000001d7e2b27720  884       3       java.util.ArrayDeque::elementAt (4 bytes)
Event: 0.752 Thread 0x000001d7e2b27720 nmethod 884 0x000001d7d0408c90 code [0x000001d7d0408e20, 0x000001d7d0408f38]

GC Heap History (0 events):
No events

Dll operation events (8 events):
Event: 0.015 Loaded shared library C:\Program Files\Java\jdk-20\bin\java.dll
Event: 0.040 Loaded shared library C:\Program Files\Java\jdk-20\bin\jsvml.dll
Event: 0.114 Loaded shared library C:\Program Files\Java\jdk-20\bin\net.dll
Event: 0.117 Loaded shared library C:\Program Files\Java\jdk-20\bin\nio.dll
Event: 0.180 Loaded shared library C:\Program Files\Java\jdk-20\bin\zip.dll
Event: 0.205 Loaded shared library C:\Program Files\Java\jdk-20\bin\jimage.dll
Event: 0.226 Loaded shared library C:\Program Files\Java\jdk-20\bin\awt.dll
Event: 0.725 Loaded shared library C:\Program Files\Java\jdk-20\bin\extnet.dll

Deoptimization events (20 events):
Event: 0.467 Thread 0x000001d7c81e73d0 Uncommon trap: trap_request=0xffffff45 fr.pc=0x000001d7d7db7528 relative=0x00000000000000a8
Event: 0.467 Thread 0x000001d7c81e73d0 Uncommon trap: reason=unstable_if action=reinterpret pc=0x000001d7d7db7528 method=java.util.HashMap.hash(Ljava/lang/Object;)I @ 1 c2
Event: 0.467 Thread 0x000001d7c81e73d0 DEOPT PACKING pc=0x000001d7d7db7528 sp=0x0000008c71cfed90
Event: 0.467 Thread 0x000001d7c81e73d0 DEOPT UNPACKING pc=0x000001d7d7859d22 sp=0x0000008c71cfed28 mode 2
Event: 0.485 Thread 0x000001d7c81e73d0 Uncommon trap: trap_request=0xffffff45 fr.pc=0x000001d7d7db9aec relative=0x00000000000004ac
Event: 0.485 Thread 0x000001d7c81e73d0 Uncommon trap: reason=unstable_if action=reinterpret pc=0x000001d7d7db9aec method=java.lang.StringLatin1.replace([BCC)Ljava/lang/String; @ 19 c2
Event: 0.485 Thread 0x000001d7c81e73d0 DEOPT PACKING pc=0x000001d7d7db9aec sp=0x0000008c71cfe7a0
Event: 0.485 Thread 0x000001d7c81e73d0 DEOPT UNPACKING pc=0x000001d7d7859d22 sp=0x0000008c71cfe720 mode 2
Event: 0.535 Thread 0x000001d7c81e73d0 DEOPT PACKING pc=0x000001d7d02d59d7 sp=0x0000008c71cfe410
Event: 0.535 Thread 0x000001d7c81e73d0 DEOPT UNPACKING pc=0x000001d7d785a4c2 sp=0x0000008c71cfd830 mode 0
Event: 0.580 Thread 0x000001d7c81e73d0 DEOPT PACKING pc=0x000001d7d02c7c41 sp=0x0000008c71cfdb70
Event: 0.580 Thread 0x000001d7c81e73d0 DEOPT UNPACKING pc=0x000001d7d785a4c2 sp=0x0000008c71cfcfe8 mode 0
Event: 0.607 Thread 0x000001d7c81e73d0 DEOPT PACKING pc=0x000001d7d02c7c41 sp=0x0000008c71cfa960
Event: 0.607 Thread 0x000001d7c81e73d0 DEOPT UNPACKING pc=0x000001d7d785a4c2 sp=0x0000008c71cf9dd8 mode 0
Event: 0.616 Thread 0x000001d7c81e73d0 DEOPT PACKING pc=0x000001d7d03b412e sp=0x0000008c71cfe420
Event: 0.616 Thread 0x000001d7c81e73d0 DEOPT UNPACKING pc=0x000001d7d785a4c2 sp=0x0000008c71cfd8c0 mode 0
Event: 0.624 Thread 0x000001d7c81e73d0 DEOPT PACKING pc=0x000001d7d02c7c41 sp=0x0000008c71cfa890
Event: 0.624 Thread 0x000001d7c81e73d0 DEOPT UNPACKING pc=0x000001d7d785a4c2 sp=0x0000008c71cf9d08 mode 0
Event: 0.749 Thread 0x000001d7c81e73d0 DEOPT PACKING pc=0x000001d7d03c0bc7 sp=0x0000008c71cfa830
Event: 0.749 Thread 0x000001d7c81e73d0 DEOPT UNPACKING pc=0x000001d7d785a4c2 sp=0x0000008c71cf9cc8 mode 0

Classes loaded (20 events):
Event: 0.729 Loading class sun/nio/ch/NativeThread
Event: 0.729 Loading class sun/nio/ch/NativeThread done
Event: 0.730 Loading class java/lang/IndexOutOfBoundsException
Event: 0.730 Loading class java/lang/IndexOutOfBoundsException done
Event: 0.731 Loading class java/net/Socket$SocketInputStream
Event: 0.731 Loading class java/net/Socket$SocketInputStream done
Event: 0.731 Loading class sun/nio/ch/NioSocketImpl$1
Event: 0.731 Loading class sun/nio/ch/NioSocketImpl$1 done
Event: 0.731 Loading class java/io/EOFException
Event: 0.731 Loading class java/io/EOFException done
Event: 0.731 Loading class java/net/Socket$SocketOutputStream
Event: 0.731 Loading class java/net/Socket$SocketOutputStream done
Event: 0.731 Loading class sun/nio/ch/NioSocketImpl$2
Event: 0.731 Loading class sun/nio/ch/NioSocketImpl$2 done
Event: 0.751 Loading class java/net/MalformedURLException
Event: 0.751 Loading class java/net/MalformedURLException done
Event: 0.751 Loading class java/nio/file/InvalidPathException
Event: 0.751 Loading class java/nio/file/InvalidPathException done
Event: 0.751 Loading class java/net/URISyntaxException
Event: 0.751 Loading class java/net/URISyntaxException done

Classes unloaded (0 events):
No events

Classes redefined (0 events):
No events

Internal exceptions (17 events):
Event: 0.118 Thread 0x000001d7c81e73d0 Exception <a 'sun/nio/fs/WindowsException'{0x00000000c823fff0}> (0x00000000c823fff0) 
thrown [s\open\src\hotspot\share\prims\jni.cpp, line 519]
Event: 0.121 Thread 0x000001d7c81e73d0 Exception <a 'sun/nio/fs/WindowsException'{0x00000000c8242750}> (0x00000000c8242750) 
thrown [s\open\src\hotspot\share\prims\jni.cpp, line 519]
Event: 0.122 Thread 0x000001d7c81e73d0 Exception <a 'sun/nio/fs/WindowsException'{0x00000000c8286410}> (0x00000000c8286410) 
thrown [s\open\src\hotspot\share\prims\jni.cpp, line 519]
Event: 0.212 Thread 0x000001d7c81e73d0 Exception <a 'java/lang/ClassNotFoundException'{0x00000000c8151680}: sun/awt/resources/spi/awtProvider> (0x00000000c8151680) 
thrown [s\open\src\hotspot\share\classfile\systemDictionary.cpp, line 305]
Event: 0.247 Thread 0x000001d7c81e73d0 Exception <a 'java/io/FileNotFoundException'{0x00000000c81a7fc0}> (0x00000000c81a7fc0) 
thrown [s\open\src\hotspot\share\prims\jni.cpp, line 519]
Event: 0.259 Thread 0x000001d7c81e73d0 Exception <a 'java/io/FileNotFoundException'{0x00000000c81d2230}> (0x00000000c81d2230) 
thrown [s\open\src\hotspot\share\prims\jni.cpp, line 519]
Event: 0.362 Thread 0x000001d7c81e73d0 Exception <a 'java/lang/NoSuchMethodError'{0x00000000c80ec900}: 'void java.lang.invoke.DirectMethodHandle$Holder.invokeSpecial(java.lang.Object, java.lang.Object, java.lang.Object)'> (0x00000000c80ec900) 
thrown [s\open\src\hotspot\share\interpreter\linkResolver.cpp, line 773]
Event: 0.372 Thread 0x000001d7c81e73d0 Exception <a 'java/lang/NoSuchMethodError'{0x00000000c7f174f8}: 'java.lang.Object java.lang.invoke.DirectMethodHandle$Holder.newInvokeSpecial(java.lang.Object, java.lang.Object, java.lang.Object, java.lang.Object, java.lang.Object)'> (0x00000000c7f174f8) 
thrown [s\open\src\hotspot\share\interpreter\linkResolver.cpp, line 773]
Event: 0.381 Thread 0x000001d7c81e73d0 Exception <a 'java/lang/NoSuchMethodError'{0x00000000c7f47ff0}: 'java.lang.Object java.lang.invoke.DirectMethodHandle$Holder.invokeStatic(java.lang.Object, int, java.lang.Object)'> (0x00000000c7f47ff0) 
thrown [s\open\src\hotspot\share\interpreter\linkResolver.cpp, line 773]
Event: 0.410 Thread 0x000001d7c81e73d0 Exception <a 'java/lang/ClassNotFoundException'{0x00000000c7e03e98}: com/sun/swing/internal/plaf/metal/resources/spi/metalProvider> (0x00000000c7e03e98) 
thrown [s\open\src\hotspot\share\classfile\systemDictionary.cpp, line 305]
Event: 0.411 Thread 0x000001d7c81e73d0 Exception <a 'java/lang/ClassNotFoundException'{0x00000000c7e07df8}: com/sun/swing/internal/plaf/basic/resources/spi/basicProvider> (0x00000000c7e07df8) 
thrown [s\open\src\hotspot\share\classfile\systemDictionary.cpp, line 305]
Event: 0.420 Thread 0x000001d7c81e73d0 Exception <a 'java/lang/NoSuchMethodError'{0x00000000c7e26fc8}: 'int java.lang.invoke.Invokers$Holder.invokeExact_MT(java.lang.Object, java.lang.Object)'> (0x00000000c7e26fc8) 
thrown [s\open\src\hotspot\share\interpreter\linkResolver.cpp, line 773]
Event: 0.467 Thread 0x000001d7c81e73d0 Implicit null exception at 0x000001d7d7db749d to 0x000001d7d7db7519
Event: 0.540 Thread 0x000001d7c81e73d0 Exception <a 'java/lang/NoSuchMethodError'{0x00000000c7daa958}: 'java.lang.Object java.lang.invoke.DirectMethodHandle$Holder.invokeInterface(java.lang.Object, java.lang.Object)'> (0x00000000c7daa958) 
thrown [s\open\src\hotspot\share\interpreter\linkResolver.cpp, line 773]
Event: 0.579 Thread 0x000001d7c81e73d0 Exception <a 'java/lang/NoSuchMethodError'{0x00000000c7c34e70}: 'void java.lang.invoke.DirectMethodHandle$Holder.invokeStatic(java.lang.Object, java.lang.Object, java.lang.Object)'> (0x00000000c7c34e70) 
thrown [s\open\src\hotspot\share\interpreter\linkResolver.cpp, line 773]
Event: 0.582 Thread 0x000001d7c81e73d0 Exception <a 'java/lang/NoSuchMethodError'{0x00000000c7c3e980}: 'java.lang.Object java.lang.invoke.DirectMethodHandle$Holder.invokeVirtual(java.lang.Object, java.lang.Object, java.lang.Object)'> (0x00000000c7c3e980) 
thrown [s\open\src\hotspot\share\interpreter\linkResolver.cpp, line 773]
Event: 0.726 Thread 0x000001d7c81e73d0 Exception <a 'java/lang/NoSuchMethodError'{0x00000000c79b6da8}: 'void java.lang.invoke.DirectMethodHandle$Holder.invokeStatic(java.lang.Object, java.lang.Object)'> (0x00000000c79b6da8) 
thrown [s\open\src\hotspot\share\interpreter\linkResolver.cpp, line 773]

VM Operations (10 events):
Event: 0.124 Executing VM operation: HandshakeAllThreads
Event: 0.124 Executing VM operation: HandshakeAllThreads done
Event: 0.269 Executing VM operation: HandshakeAllThreads
Event: 0.269 Executing VM operation: HandshakeAllThreads done
Event: 0.445 Executing VM operation: HandshakeAllThreads
Event: 0.445 Executing VM operation: HandshakeAllThreads done
Event: 0.514 Executing VM operation: HandshakeAllThreads
Event: 0.514 Executing VM operation: HandshakeAllThreads done
Event: 0.710 Executing VM operation: HandshakeAllThreads
Event: 0.710 Executing VM operation: HandshakeAllThreads done

Events (16 events):
Event: 0.040 Thread 0x000001d7c81e73d0 Thread added: 0x000001d7c81e73d0
Event: 0.054 Thread 0x000001d7e2b13850 Thread added: 0x000001d7e2b13850
Event: 0.055 Thread 0x000001d7e2b14650 Thread added: 0x000001d7e2b14650
Event: 0.055 Thread 0x000001d7e2b18db0 Thread added: 0x000001d7e2b18db0
Event: 0.055 Thread 0x000001d7e2b1b700 Thread added: 0x000001d7e2b1b700
Event: 0.056 Thread 0x000001d7e2b1cbf0 Thread added: 0x000001d7e2b1cbf0
Event: 0.056 Thread 0x000001d7e2b251f0 Thread added: 0x000001d7e2b251f0
Event: 0.056 Thread 0x000001d7e2b26600 Thread added: 0x000001d7e2b26600
Event: 0.056 Thread 0x000001d7e2b27720 Thread added: 0x000001d7e2b27720
Event: 0.095 Thread 0x000001d7e2afa530 Thread added: 0x000001d7e2afa530
Event: 0.166 Thread 0x000001d7e6e06c40 Thread added: 0x000001d7e6e06c40
Event: 0.314 Thread 0x000001d7e7010ae0 Thread added: 0x000001d7e7010ae0
Event: 0.316 Thread 0x000001d7e7015b00 Thread added: 0x000001d7e7015b00
Event: 0.318 Thread 0x000001d7e7018b10 Thread added: 0x000001d7e7018b10
Event: 0.482 Thread 0x000001d7e704c910 Thread added: 0x000001d7e704c910
Event: 0.498 Thread 0x000001d7e70ccf20 Thread added: 0x000001d7e70ccf20


Dynamic libraries:
0x00007ff611f50000 - 0x00007ff611f60000 	C:\Program Files\Java\jdk-20\bin\java.exe
0x00007ffff4650000 - 0x00007ffff4848000 	C:\Windows\SYSTEM32\ntdll.dll
0x00007ffff2850000 - 0x00007ffff2911000 	C:\Windows\System32\KERNEL32.DLL
0x00007ffff2100000 - 0x00007ffff23f6000 	C:\Windows\System32\KERNELBASE.dll
0x00007ffff2580000 - 0x00007ffff2680000 	C:\Windows\System32\ucrtbase.dll
0x00007fffef350000 - 0x00007fffef369000 	C:\Program Files\Java\jdk-20\bin\jli.dll
0x00007fffef060000 - 0x00007fffef07b000 	C:\Program Files\Java\jdk-20\bin\VCRUNTIME140.dll
0x00007ffff2fb0000 - 0x00007ffff3060000 	C:\Windows\System32\ADVAPI32.dll
0x00007ffff2ac0000 - 0x00007ffff2b5e000 	C:\Windows\System32\msvcrt.dll
0x00007ffff2680000 - 0x00007ffff2720000 	C:\Windows\System32\sechost.dll
0x00007ffff2720000 - 0x00007ffff2843000 	C:\Windows\System32\RPCRT4.dll
0x00007ffff24b0000 - 0x00007ffff24d7000 	C:\Windows\System32\bcrypt.dll
0x00007ffff2e10000 - 0x00007ffff2faf000 	C:\Windows\System32\USER32.dll
0x00007ffff1d50000 - 0x00007ffff1d72000 	C:\Windows\System32\win32u.dll
0x00007ffff45e0000 - 0x00007ffff460b000 	C:\Windows\System32\GDI32.dll
0x00007ffff1d80000 - 0x00007ffff1e97000 	C:\Windows\System32\gdi32full.dll
0x00007fffdf710000 - 0x00007fffdf9aa000 	C:\Windows\WinSxS\amd64_microsoft.windows.common-controls_6595b64144ccf1df_6.0.19041.4355_none_60b8b9eb71f62e16\COMCTL32.dll
0x00007ffff24e0000 - 0x00007ffff257d000 	C:\Windows\System32\msvcp_win.dll
0x00007fffeacf0000 - 0x00007fffeacfa000 	C:\Windows\SYSTEM32\VERSION.dll
0x00007ffff44d0000 - 0x00007ffff44ff000 	C:\Windows\System32\IMM32.DLL
0x00007fffeeca0000 - 0x00007fffeecac000 	C:\Program Files\Java\jdk-20\bin\vcruntime140_1.dll
0x00007fffdab60000 - 0x00007fffdabee000 	C:\Program Files\Java\jdk-20\bin\msvcp140.dll
0x00007fffa4f30000 - 0x00007fffa5bc8000 	C:\Program Files\Java\jdk-20\bin\server\jvm.dll
0x00007fffde8f0000 - 0x00007fffde917000 	C:\Windows\SYSTEM32\WINMM.dll
0x00007fffddfb0000 - 0x00007fffddfb9000 	C:\Windows\SYSTEM32\WSOCK32.dll
0x00007ffff33d0000 - 0x00007ffff343b000 	C:\Windows\System32\WS2_32.dll
0x00007fffefb40000 - 0x00007fffefb52000 	C:\Windows\SYSTEM32\kernel.appcore.dll
0x00007fffeba80000 - 0x00007fffeba8a000 	C:\Program Files\Java\jdk-20\bin\jimage.dll
0x00007fffe0310000 - 0x00007fffe04f4000 	C:\Windows\SYSTEM32\DBGHELP.DLL
0x00007fffe0100000 - 0x00007fffe0134000 	C:\Windows\SYSTEM32\dbgcore.DLL
0x00007ffff2000000 - 0x00007ffff2082000 	C:\Windows\System32\bcryptPrimitives.dll
0x00007fffee710000 - 0x00007fffee736000 	C:\Program Files\Java\jdk-20\bin\java.dll
0x00007fffd9d30000 - 0x00007fffd9e07000 	C:\Program Files\Java\jdk-20\bin\jsvml.dll
0x00007ffff34a0000 - 0x00007ffff3c0c000 	C:\Windows\System32\SHELL32.dll
0x00007fffefd40000 - 0x00007ffff04de000 	C:\Windows\SYSTEM32\windows.storage.dll
0x00007ffff3070000 - 0x00007ffff33c3000 	C:\Windows\System32\combase.dll
0x00007ffff1720000 - 0x00007ffff174e000 	C:\Windows\SYSTEM32\Wldp.dll
0x00007ffff2d30000 - 0x00007ffff2dfd000 	C:\Windows\System32\OLEAUT32.dll
0x00007ffff3ca0000 - 0x00007ffff3d4d000 	C:\Windows\System32\SHCORE.dll
0x00007ffff3440000 - 0x00007ffff3495000 	C:\Windows\System32\shlwapi.dll
0x00007ffff1c30000 - 0x00007ffff1c54000 	C:\Windows\SYSTEM32\profapi.dll
0x00007fffeb840000 - 0x00007fffeb853000 	C:\Program Files\Java\jdk-20\bin\net.dll
0x00007fffe9ff0000 - 0x00007fffea0fa000 	C:\Windows\SYSTEM32\WINHTTP.dll
0x00007ffff1480000 - 0x00007ffff14ea000 	C:\Windows\system32\mswsock.dll
0x00007fffe6aa0000 - 0x00007fffe6ab6000 	C:\Program Files\Java\jdk-20\bin\nio.dll
0x00007fffe2f10000 - 0x00007fffe2f28000 	C:\Program Files\Java\jdk-20\bin\zip.dll
0x00007fffc5c20000 - 0x00007fffc5db1000 	C:\Program Files\Java\jdk-20\bin\awt.dll
0x00007fffee3b0000 - 0x00007fffee444000 	C:\Windows\SYSTEM32\apphelp.dll
0x00007fffef850000 - 0x00007fffef87f000 	C:\Windows\system32\DWMAPI.DLL
0x00007fffef660000 - 0x00007fffef6fe000 	C:\Windows\system32\uxtheme.dll
0x00007fffd6d80000 - 0x00007fffd6ea8000 	C:\Windows\system32\opengl32.dll
0x00007fffd6bf0000 - 0x00007fffd6c1c000 	C:\Windows\SYSTEM32\GLU32.dll
0x00007ffff3e90000 - 0x00007ffff3fa4000 	C:\Windows\System32\MSCTF.dll
0x00007ffff2990000 - 0x00007ffff2abb000 	C:\Windows\System32\ole32.dll
0x00007ffff1160000 - 0x00007ffff122a000 	C:\Windows\SYSTEM32\DNSAPI.dll
0x00007ffff1110000 - 0x00007ffff114b000 	C:\Windows\SYSTEM32\IPHLPAPI.DLL
0x00007ffff2980000 - 0x00007ffff2988000 	C:\Windows\System32\NSI.dll
0x00007fffe7e50000 - 0x00007fffe7e5a000 	C:\Windows\System32\rasadhlp.dll
0x00007fffe2cf0000 - 0x00007fffe2d70000 	C:\Windows\System32\fwpuclnt.dll
0x00007fffe6a90000 - 0x00007fffe6a97000 	C:\Program Files\Java\jdk-20\bin\extnet.dll

dbghelp: loaded successfully - version: 4.0.5 - missing functions: none
symbol engine: initialized successfully - sym options: 0x614 - pdb path: .;C:\Program Files\Java\jdk-20\bin;C:\Windows\SYSTEM32;C:\Windows\WinSxS\amd64_microsoft.windows.common-controls_6595b64144ccf1df_6.0.19041.4355_none_60b8b9eb71f62e16;C:\Program Files\Java\jdk-20\bin\server

VM Arguments:
jvm_args: -Dfile.encoding=UTF-8 --module-path=C:\Users\Administrator\Documents\NetBeansProjects\University Management System\build\classes 
java_command: university.management.system.ExaminationDetails
java_class_path (initial): C:\Users\Administrator\Downloads\jcalendar-tz-1.3.3-4.jar;C:\Users\Administrator\Downloads\mysql-connector-java-8.0.11;C:\Users\Administrator\Downloads\mysql-connector-j-9.0.0\mysql-connector-j-9.0.0.jar;C:\Users\Administrator\Downloads\rs2xml.jar;C:\Users\Administrator\Documents\NetBeansProjects\University Management System\build\classes
Launcher Type: SUN_STANDARD

[Global flags]
     intx CICompilerCount                          = 3                                         {product} {ergonomic}
     uint ConcGCThreads                            = 1                                         {product} {ergonomic}
     uint G1ConcRefinementThreads                  = 4                                         {product} {ergonomic}
   size_t G1HeapRegionSize                         = 1048576                                   {product} {ergonomic}
    uintx GCDrainStackTargetSize                   = 64                                        {product} {ergonomic}
   size_t InitialHeapSize                          = 62914560                                  {product} {ergonomic}
   size_t MarkStackSize                            = 4194304                                   {product} {ergonomic}
   size_t MaxHeapSize                              = 998244352                                 {product} {ergonomic}
   size_t MaxNewSize                               = 598736896                                 {product} {ergonomic}
   size_t MinHeapDeltaBytes                        = 1048576                                   {product} {ergonomic}
   size_t MinHeapSize                              = 8388608                                   {product} {ergonomic}
    uintx NonNMethodCodeHeapSize                   = 5832780                                {pd product} {ergonomic}
    uintx NonProfiledCodeHeapSize                  = 122912730                              {pd product} {ergonomic}
    uintx ProfiledCodeHeapSize                     = 122912730                              {pd product} {ergonomic}
    uintx ReservedCodeCacheSize                    = 251658240                              {pd product} {ergonomic}
     bool SegmentedCodeCache                       = true                                      {product} {ergonomic}
   size_t SoftMaxHeapSize                          = 998244352                              {manageable} {ergonomic}
     bool UseCompressedClassPointers               = true                           {product lp64_product} {ergonomic}
     bool UseCompressedOops                        = true                           {product lp64_product} {ergonomic}
     bool UseG1GC                                  = true                                      {product} {ergonomic}
     bool UseLargePagesIndividualAllocation        = false                                  {pd product} {ergonomic}

Logging:
Log output configuration:
 #0: stdout all=warning uptime,level,tags foldmultilines=false
 #1: stderr all=off uptime,level,tags foldmultilines=false

Environment Variables:
PATH=C:\Program Files\Java\jdk-20\bin;C:\Program Files\Git\cmd;C:\Windows\System32;C:\Program Files\MySQL\MySQL Server 8.0\bin;C:\Program Files\MySQL\MySQL Shell 8.0\bin\;C:\Program Files\Java\jdk-20\bin;C:\Program Files\Git\cmd;C:\Windows\System32;C:\Users\Administrator\AppData\Local\Microsoft\WindowsApps;C:\Users\Administrator\AppData\Local\Programs\Microsoft VS Code\bin;C:\Users\Administrator\AppData\Local\GitHubDesktop\bin;C:\Program Files\MySQL\MySQL Server 8.0\bin
USERNAME=Administrator
OS=Windows_NT
PROCESSOR_IDENTIFIER=Intel64 Family 6 Model 60 Stepping 3, GenuineIntel
TMP=C:\Users\ADMINI~1\AppData\Local\Temp
TEMP=C:\Users\ADMINI~1\AppData\Local\Temp




---------------  S Y S T E M  ---------------

OS:
 Windows 10 , 64 bit Build 19041 (10.0.19041.4597)
OS uptime: 0 days 7:53 hours

CPU: total 4 (initial active 4) (2 cores per cpu, 2 threads per core) family 6 model 60 stepping 3 microcode 0x27, cx8, cmov, fxsr, ht, mmx, sse, sse2, sse3, ssse3, sse4.1, sse4.2, popcnt, lzcnt, tsc, tscinvbit, avx, avx2, erms, clmul, bmi1, bmi2, fma, vzeroupper, clflush, rdtscp, f16c

Memory: 4k page, system-wide physical 3804M (365M free)
TotalPageFile size 15580M (AvailPageFile size 2M)
current process WorkingSet (physical memory assigned to process): 65M, peak: 65M
current process commit charge ("private bytes"): 146M, peak: 146M

vm_info: Java HotSpot(TM) 64-Bit Server VM (20.0.2+9-78) for windows-amd64 JRE (20.0.2+9-78), built on 2023-06-14T10:08:48Z by "mach5one" with MS VC++ 17.1 (VS2022)

END.
